{"/Users/detiwari/Perforce/EAHQ-apulate_eahy-m-57000605_2063/sfdc/PROJECTS/mocha-aura/examples/salesforce/src/aura/AccountBasicInfo/AccountBasicInfoController.js":{"path":"/Users/detiwari/Perforce/EAHQ-apulate_eahy-m-57000605_2063/sfdc/PROJECTS/mocha-aura/examples/salesforce/src/aura/AccountBasicInfo/AccountBasicInfoController.js","s":{"1":1,"2":1,"3":1,"4":1,"5":1,"6":1,"7":1,"8":1,"9":0,"10":1,"11":1,"12":1,"13":0,"14":0,"15":1,"16":1,"17":1,"18":1,"19":1,"20":1,"21":1,"22":1,"23":1,"24":1,"25":1,"26":1,"27":1,"28":1,"29":0,"30":0,"31":0,"32":0,"33":0,"34":1,"35":0,"36":0,"37":0,"38":0,"39":0,"40":1,"41":1,"42":1,"43":1,"44":1,"45":1,"46":1,"47":1,"48":1,"49":1,"50":1,"51":0,"52":0,"53":0,"54":0,"55":0,"56":0,"57":0,"58":0,"59":0,"60":0,"61":0,"62":0,"63":0,"64":0,"65":0,"66":0,"67":0,"68":0,"69":0,"70":0,"71":0,"72":0,"73":0,"74":0,"75":0,"76":0,"77":0,"78":0,"79":0,"80":0,"81":0,"82":0,"83":0,"84":0,"85":0,"86":0,"87":0,"88":1,"89":1,"90":1,"91":1,"92":1,"93":1,"94":1,"95":1,"96":1,"97":1,"98":1,"99":1,"100":0,"101":0,"102":0,"103":0,"104":1,"105":1,"106":1,"107":0,"108":1,"109":1,"110":1,"111":1,"112":0,"113":0,"114":0,"115":0,"116":0,"117":0,"118":0,"119":0,"120":0,"121":0,"122":0,"123":0,"124":0,"125":0,"126":0,"127":0,"128":0,"129":0,"130":0,"131":0,"132":0,"133":0,"134":0,"135":0,"136":0,"137":0,"138":0,"139":0,"140":0,"141":0,"142":0,"143":0,"144":0,"145":0,"146":0,"147":0,"148":0,"149":0,"150":0,"151":0,"152":0,"153":0,"154":0,"155":0,"156":0,"157":0,"158":0,"159":0,"160":0,"161":0,"162":0,"163":0,"164":0,"165":0,"166":0,"167":0,"168":0,"169":0,"170":0,"171":0,"172":0,"173":0,"174":0,"175":0,"176":0,"177":0,"178":0},"b":{"1":[0,1],"2":[0,1],"3":[0,0],"4":[0,0],"5":[0,1],"6":[0,0],"7":[0,0],"8":[0,0],"9":[0,0],"10":[0,0,0,0,0,0],"11":[0,0],"12":[0,0,0],"13":[0,0],"14":[0,0,0,0],"15":[0,0],"16":[0,0],"17":[0,0],"18":[0,0],"19":[0,0],"20":[0,1],"21":[0,1],"22":[0,0],"23":[0,0],"24":[0,0],"25":[0,0],"26":[0,0],"27":[0,0],"28":[0,0],"29":[0,0],"30":[0,0],"31":[0,0],"32":[0,0],"33":[0,0],"34":[0,0],"35":[0,0],"36":[0,0],"37":[0,0]},"f":{"1":1,"2":0,"3":1,"4":1,"5":1,"6":1,"7":0,"8":1,"9":1,"10":1,"11":1,"12":0,"13":0,"14":0,"15":0,"16":0,"17":0,"18":0,"19":0,"20":0,"21":0,"22":0,"23":0,"24":0,"25":0,"26":0,"27":0,"28":0,"29":0,"30":0,"31":0,"32":0,"33":0,"34":0},"fnMap":{"1":{"name":"(anonymous_1)","line":2,"loc":{"start":{"line":2,"column":12},"end":{"line":2,"column":47}}},"2":{"name":"(anonymous_2)","line":14,"loc":{"start":{"line":14,"column":29},"end":{"line":14,"column":61}}},"3":{"name":"(anonymous_3)","line":17,"loc":{"start":{"line":17,"column":22},"end":{"line":17,"column":57}}},"4":{"name":"(anonymous_4)","line":20,"loc":{"start":{"line":20,"column":24},"end":{"line":20,"column":59}}},"5":{"name":"(anonymous_5)","line":34,"loc":{"start":{"line":34,"column":18},"end":{"line":34,"column":53}}},"6":{"name":"(anonymous_6)","line":69,"loc":{"start":{"line":69,"column":19},"end":{"line":69,"column":54}}},"7":{"name":"(anonymous_7)","line":84,"loc":{"start":{"line":84,"column":25},"end":{"line":84,"column":60}}},"8":{"name":"(anonymous_8)","line":147,"loc":{"start":{"line":147,"column":26},"end":{"line":147,"column":61}}},"9":{"name":"(anonymous_9)","line":153,"loc":{"start":{"line":153,"column":27},"end":{"line":153,"column":62}}},"10":{"name":"(anonymous_10)","line":161,"loc":{"start":{"line":161,"column":23},"end":{"line":161,"column":58}}},"11":{"name":"(anonymous_11)","line":174,"loc":{"start":{"line":174,"column":21},"end":{"line":174,"column":56}}},"12":{"name":"(anonymous_12)","line":187,"loc":{"start":{"line":187,"column":23},"end":{"line":187,"column":57}}},"13":{"name":"(anonymous_13)","line":190,"loc":{"start":{"line":190,"column":21},"end":{"line":190,"column":55}}},"14":{"name":"(anonymous_14)","line":194,"loc":{"start":{"line":194,"column":31},"end":{"line":194,"column":65}}},"15":{"name":"(anonymous_15)","line":197,"loc":{"start":{"line":197,"column":24},"end":{"line":197,"column":58}}},"16":{"name":"(anonymous_16)","line":200,"loc":{"start":{"line":200,"column":23},"end":{"line":200,"column":57}}},"17":{"name":"(anonymous_17)","line":205,"loc":{"start":{"line":205,"column":28},"end":{"line":205,"column":62}}},"18":{"name":"(anonymous_18)","line":208,"loc":{"start":{"line":208,"column":27},"end":{"line":208,"column":61}}},"19":{"name":"(anonymous_19)","line":211,"loc":{"start":{"line":211,"column":33},"end":{"line":211,"column":67}}},"20":{"name":"(anonymous_20)","line":214,"loc":{"start":{"line":214,"column":30},"end":{"line":214,"column":64}}},"21":{"name":"(anonymous_21)","line":224,"loc":{"start":{"line":224,"column":25},"end":{"line":224,"column":59}}},"22":{"name":"(anonymous_22)","line":228,"loc":{"start":{"line":228,"column":15},"end":{"line":228,"column":49}}},"23":{"name":"(anonymous_23)","line":231,"loc":{"start":{"line":231,"column":46},"end":{"line":231,"column":65}}},"24":{"name":"(anonymous_24)","line":250,"loc":{"start":{"line":250,"column":12},"end":{"line":250,"column":46}}},"25":{"name":"(anonymous_25)","line":268,"loc":{"start":{"line":268,"column":31},"end":{"line":268,"column":65}}},"26":{"name":"(anonymous_26)","line":273,"loc":{"start":{"line":273,"column":29},"end":{"line":273,"column":63}}},"27":{"name":"(anonymous_27)","line":283,"loc":{"start":{"line":283,"column":22},"end":{"line":283,"column":56}}},"28":{"name":"(anonymous_28)","line":295,"loc":{"start":{"line":295,"column":26},"end":{"line":295,"column":58}}},"29":{"name":"(anonymous_29)","line":300,"loc":{"start":{"line":300,"column":20},"end":{"line":300,"column":52}}},"30":{"name":"(anonymous_30)","line":305,"loc":{"start":{"line":305,"column":18},"end":{"line":305,"column":50}}},"31":{"name":"(anonymous_31)","line":317,"loc":{"start":{"line":317,"column":24},"end":{"line":317,"column":56}}},"32":{"name":"(anonymous_32)","line":320,"loc":{"start":{"line":320,"column":22},"end":{"line":320,"column":54}}},"33":{"name":"(anonymous_33)","line":325,"loc":{"start":{"line":325,"column":21},"end":{"line":325,"column":53}}},"34":{"name":"(anonymous_34)","line":333,"loc":{"start":{"line":333,"column":26},"end":{"line":333,"column":58}}}},"statementMap":{"1":{"start":{"line":1,"column":0},"end":{"line":343,"column":2}},"2":{"start":{"line":3,"column":8},"end":{"line":3,"column":61}},"3":{"start":{"line":4,"column":8},"end":{"line":4,"column":60}},"4":{"start":{"line":5,"column":8},"end":{"line":5,"column":53}},"5":{"start":{"line":9,"column":8},"end":{"line":9,"column":69}},"6":{"start":{"line":10,"column":8},"end":{"line":10,"column":66}},"7":{"start":{"line":11,"column":8},"end":{"line":11,"column":54}},"8":{"start":{"line":12,"column":8},"end":{"line":12,"column":59}},"9":{"start":{"line":15,"column":6},"end":{"line":15,"column":49}},"10":{"start":{"line":18,"column":8},"end":{"line":18,"column":48}},"11":{"start":{"line":22,"column":8},"end":{"line":22,"column":79}},"12":{"start":{"line":24,"column":8},"end":{"line":29,"column":9}},"13":{"start":{"line":25,"column":12},"end":{"line":25,"column":92}},"14":{"start":{"line":26,"column":12},"end":{"line":26,"column":79}},"15":{"start":{"line":28,"column":12},"end":{"line":28,"column":84}},"16":{"start":{"line":31,"column":8},"end":{"line":31,"column":58}},"17":{"start":{"line":32,"column":8},"end":{"line":32,"column":58}},"18":{"start":{"line":35,"column":8},"end":{"line":35,"column":78}},"19":{"start":{"line":37,"column":8},"end":{"line":37,"column":74}},"20":{"start":{"line":39,"column":8},"end":{"line":39,"column":98}},"21":{"start":{"line":41,"column":8},"end":{"line":41,"column":58}},"22":{"start":{"line":42,"column":8},"end":{"line":42,"column":58}},"23":{"start":{"line":45,"column":8},"end":{"line":45,"column":112}},"24":{"start":{"line":46,"column":8},"end":{"line":46,"column":68}},"25":{"start":{"line":47,"column":8},"end":{"line":47,"column":53}},"26":{"start":{"line":48,"column":8},"end":{"line":48,"column":61}},"27":{"start":{"line":49,"column":8},"end":{"line":49,"column":32}},"28":{"start":{"line":51,"column":8},"end":{"line":65,"column":9}},"29":{"start":{"line":52,"column":12},"end":{"line":52,"column":53}},"30":{"start":{"line":53,"column":12},"end":{"line":57,"column":13}},"31":{"start":{"line":54,"column":16},"end":{"line":54,"column":37}},"32":{"start":{"line":55,"column":18},"end":{"line":57,"column":13}},"33":{"start":{"line":56,"column":16},"end":{"line":56,"column":40}},"34":{"start":{"line":58,"column":14},"end":{"line":65,"column":9}},"35":{"start":{"line":59,"column":12},"end":{"line":59,"column":54}},"36":{"start":{"line":60,"column":12},"end":{"line":64,"column":13}},"37":{"start":{"line":61,"column":16},"end":{"line":61,"column":38}},"38":{"start":{"line":62,"column":18},"end":{"line":64,"column":13}},"39":{"start":{"line":63,"column":16},"end":{"line":63,"column":41}},"40":{"start":{"line":67,"column":8},"end":{"line":67,"column":96}},"41":{"start":{"line":71,"column":2},"end":{"line":71,"column":59}},"42":{"start":{"line":72,"column":8},"end":{"line":72,"column":43}},"43":{"start":{"line":74,"column":2},"end":{"line":74,"column":65}},"44":{"start":{"line":75,"column":2},"end":{"line":75,"column":80}},"45":{"start":{"line":76,"column":8},"end":{"line":76,"column":41}},"46":{"start":{"line":77,"column":8},"end":{"line":77,"column":40}},"47":{"start":{"line":78,"column":2},"end":{"line":78,"column":50}},"48":{"start":{"line":79,"column":2},"end":{"line":79,"column":65}},"49":{"start":{"line":80,"column":8},"end":{"line":80,"column":52}},"50":{"start":{"line":82,"column":2},"end":{"line":82,"column":58}},"51":{"start":{"line":85,"column":8},"end":{"line":85,"column":80}},"52":{"start":{"line":86,"column":8},"end":{"line":86,"column":87}},"53":{"start":{"line":87,"column":8},"end":{"line":87,"column":89}},"54":{"start":{"line":88,"column":8},"end":{"line":88,"column":42}},"55":{"start":{"line":89,"column":8},"end":{"line":89,"column":79}},"56":{"start":{"line":90,"column":8},"end":{"line":92,"column":9}},"57":{"start":{"line":91,"column":12},"end":{"line":91,"column":99}},"58":{"start":{"line":95,"column":8},"end":{"line":136,"column":9}},"59":{"start":{"line":96,"column":12},"end":{"line":135,"column":13}},"60":{"start":{"line":97,"column":16},"end":{"line":97,"column":61}},"61":{"start":{"line":99,"column":4},"end":{"line":99,"column":124}},"62":{"start":{"line":101,"column":16},"end":{"line":104,"column":19}},"63":{"start":{"line":105,"column":16},"end":{"line":105,"column":34}},"64":{"start":{"line":107,"column":8},"end":{"line":135,"column":13}},"65":{"start":{"line":108,"column":16},"end":{"line":108,"column":59}},"66":{"start":{"line":109,"column":16},"end":{"line":109,"column":48}},"67":{"start":{"line":110,"column":16},"end":{"line":110,"column":49}},"68":{"start":{"line":111,"column":16},"end":{"line":111,"column":58}},"69":{"start":{"line":115,"column":16},"end":{"line":115,"column":48}},"70":{"start":{"line":116,"column":16},"end":{"line":116,"column":49}},"71":{"start":{"line":118,"column":4},"end":{"line":118,"column":62}},"72":{"start":{"line":119,"column":16},"end":{"line":119,"column":62}},"73":{"start":{"line":120,"column":4},"end":{"line":120,"column":77}},"74":{"start":{"line":121,"column":16},"end":{"line":121,"column":77}},"75":{"start":{"line":123,"column":4},"end":{"line":130,"column":66}},"76":{"start":{"line":124,"column":20},"end":{"line":124,"column":71}},"77":{"start":{"line":126,"column":21},"end":{"line":130,"column":66}},"78":{"start":{"line":127,"column":20},"end":{"line":127,"column":79}},"79":{"start":{"line":130,"column":20},"end":{"line":130,"column":66}},"80":{"start":{"line":132,"column":16},"end":{"line":134,"column":17}},"81":{"start":{"line":133,"column":20},"end":{"line":133,"column":69}},"82":{"start":{"line":138,"column":8},"end":{"line":145,"column":9}},"83":{"start":{"line":140,"column":12},"end":{"line":140,"column":44}},"84":{"start":{"line":141,"column":12},"end":{"line":141,"column":45}},"85":{"start":{"line":142,"column":12},"end":{"line":142,"column":53}},"86":{"start":{"line":143,"column":12},"end":{"line":143,"column":47}},"87":{"start":{"line":144,"column":12},"end":{"line":144,"column":62}},"88":{"start":{"line":148,"column":8},"end":{"line":148,"column":59}},"89":{"start":{"line":149,"column":8},"end":{"line":149,"column":66}},"90":{"start":{"line":150,"column":8},"end":{"line":150,"column":52}},"91":{"start":{"line":151,"column":8},"end":{"line":151,"column":51}},"92":{"start":{"line":154,"column":8},"end":{"line":154,"column":60}},"93":{"start":{"line":155,"column":8},"end":{"line":155,"column":62}},"94":{"start":{"line":156,"column":8},"end":{"line":156,"column":62}},"95":{"start":{"line":157,"column":8},"end":{"line":157,"column":52}},"96":{"start":{"line":158,"column":8},"end":{"line":158,"column":63}},"97":{"start":{"line":159,"column":8},"end":{"line":159,"column":51}},"98":{"start":{"line":163,"column":8},"end":{"line":163,"column":69}},"99":{"start":{"line":164,"column":8},"end":{"line":172,"column":9}},"100":{"start":{"line":165,"column":12},"end":{"line":165,"column":52}},"101":{"start":{"line":167,"column":12},"end":{"line":167,"column":73}},"102":{"start":{"line":168,"column":12},"end":{"line":168,"column":68}},"103":{"start":{"line":169,"column":12},"end":{"line":169,"column":68}},"104":{"start":{"line":171,"column":12},"end":{"line":171,"column":51}},"105":{"start":{"line":176,"column":8},"end":{"line":176,"column":69}},"106":{"start":{"line":177,"column":8},"end":{"line":181,"column":9}},"107":{"start":{"line":178,"column":12},"end":{"line":178,"column":52}},"108":{"start":{"line":180,"column":12},"end":{"line":180,"column":51}},"109":{"start":{"line":183,"column":8},"end":{"line":183,"column":69}},"110":{"start":{"line":184,"column":8},"end":{"line":184,"column":64}},"111":{"start":{"line":185,"column":8},"end":{"line":185,"column":64}},"112":{"start":{"line":188,"column":8},"end":{"line":188,"column":57}},"113":{"start":{"line":191,"column":8},"end":{"line":191,"column":65}},"114":{"start":{"line":192,"column":8},"end":{"line":192,"column":51}},"115":{"start":{"line":195,"column":8},"end":{"line":195,"column":82}},"116":{"start":{"line":198,"column":8},"end":{"line":198,"column":54}},"117":{"start":{"line":201,"column":8},"end":{"line":201,"column":53}},"118":{"start":{"line":206,"column":8},"end":{"line":206,"column":61}},"119":{"start":{"line":209,"column":8},"end":{"line":209,"column":60}},"120":{"start":{"line":212,"column":8},"end":{"line":212,"column":55}},"121":{"start":{"line":215,"column":8},"end":{"line":215,"column":75}},"122":{"start":{"line":216,"column":8},"end":{"line":216,"column":91}},"123":{"start":{"line":218,"column":8},"end":{"line":222,"column":9}},"124":{"start":{"line":219,"column":12},"end":{"line":219,"column":49}},"125":{"start":{"line":221,"column":12},"end":{"line":221,"column":50}},"126":{"start":{"line":225,"column":8},"end":{"line":225,"column":51}},"127":{"start":{"line":226,"column":8},"end":{"line":226,"column":52}},"128":{"start":{"line":229,"column":8},"end":{"line":229,"column":62}},"129":{"start":{"line":230,"column":8},"end":{"line":230,"column":57}},"130":{"start":{"line":231,"column":8},"end":{"line":247,"column":30}},"131":{"start":{"line":232,"column":12},"end":{"line":246,"column":34}},"132":{"start":{"line":251,"column":8},"end":{"line":251,"column":68}},"133":{"start":{"line":252,"column":8},"end":{"line":252,"column":67}},"134":{"start":{"line":254,"column":8},"end":{"line":265,"column":9}},"135":{"start":{"line":255,"column":12},"end":{"line":264,"column":58}},"136":{"start":{"line":256,"column":16},"end":{"line":261,"column":17}},"137":{"start":{"line":257,"column":20},"end":{"line":257,"column":57}},"138":{"start":{"line":259,"column":20},"end":{"line":259,"column":58}},"139":{"start":{"line":260,"column":20},"end":{"line":260,"column":63}},"140":{"start":{"line":264,"column":16},"end":{"line":264,"column":58}},"141":{"start":{"line":269,"column":8},"end":{"line":269,"column":58}},"142":{"start":{"line":270,"column":8},"end":{"line":270,"column":62}},"143":{"start":{"line":274,"column":8},"end":{"line":274,"column":53}},"144":{"start":{"line":275,"column":8},"end":{"line":275,"column":58}},"145":{"start":{"line":276,"column":8},"end":{"line":279,"column":11}},"146":{"start":{"line":280,"column":8},"end":{"line":280,"column":26}},"147":{"start":{"line":281,"column":8},"end":{"line":281,"column":54}},"148":{"start":{"line":284,"column":8},"end":{"line":284,"column":48}},"149":{"start":{"line":285,"column":8},"end":{"line":286,"column":71}},"150":{"start":{"line":287,"column":8},"end":{"line":291,"column":9}},"151":{"start":{"line":288,"column":12},"end":{"line":288,"column":55}},"152":{"start":{"line":289,"column":14},"end":{"line":291,"column":9}},"153":{"start":{"line":290,"column":12},"end":{"line":290,"column":54}},"154":{"start":{"line":296,"column":8},"end":{"line":296,"column":49}},"155":{"start":{"line":297,"column":8},"end":{"line":297,"column":42}},"156":{"start":{"line":298,"column":8},"end":{"line":298,"column":58}},"157":{"start":{"line":301,"column":8},"end":{"line":301,"column":49}},"158":{"start":{"line":302,"column":8},"end":{"line":302,"column":44}},"159":{"start":{"line":303,"column":8},"end":{"line":303,"column":50}},"160":{"start":{"line":306,"column":6},"end":{"line":306,"column":46}},"161":{"start":{"line":307,"column":8},"end":{"line":307,"column":47}},"162":{"start":{"line":308,"column":8},"end":{"line":309,"column":71}},"163":{"start":{"line":310,"column":8},"end":{"line":314,"column":9}},"164":{"start":{"line":311,"column":12},"end":{"line":311,"column":55}},"165":{"start":{"line":312,"column":14},"end":{"line":314,"column":9}},"166":{"start":{"line":313,"column":12},"end":{"line":313,"column":54}},"167":{"start":{"line":318,"column":5},"end":{"line":318,"column":55}},"168":{"start":{"line":321,"column":2},"end":{"line":321,"column":35}},"169":{"start":{"line":322,"column":8},"end":{"line":322,"column":40}},"170":{"start":{"line":323,"column":8},"end":{"line":323,"column":51}},"171":{"start":{"line":327,"column":8},"end":{"line":327,"column":44}},"172":{"start":{"line":329,"column":8},"end":{"line":329,"column":48}},"173":{"start":{"line":330,"column":8},"end":{"line":330,"column":54}},"174":{"start":{"line":334,"column":8},"end":{"line":335,"column":71}},"175":{"start":{"line":336,"column":8},"end":{"line":340,"column":9}},"176":{"start":{"line":337,"column":12},"end":{"line":337,"column":55}},"177":{"start":{"line":338,"column":14},"end":{"line":340,"column":9}},"178":{"start":{"line":339,"column":12},"end":{"line":339,"column":54}}},"branchMap":{"1":{"line":24,"type":"if","locations":[{"start":{"line":24,"column":8},"end":{"line":24,"column":8}},{"start":{"line":24,"column":8},"end":{"line":24,"column":8}}]},"2":{"line":51,"type":"if","locations":[{"start":{"line":51,"column":8},"end":{"line":51,"column":8}},{"start":{"line":51,"column":8},"end":{"line":51,"column":8}}]},"3":{"line":53,"type":"if","locations":[{"start":{"line":53,"column":12},"end":{"line":53,"column":12}},{"start":{"line":53,"column":12},"end":{"line":53,"column":12}}]},"4":{"line":55,"type":"if","locations":[{"start":{"line":55,"column":18},"end":{"line":55,"column":18}},{"start":{"line":55,"column":18},"end":{"line":55,"column":18}}]},"5":{"line":58,"type":"if","locations":[{"start":{"line":58,"column":14},"end":{"line":58,"column":14}},{"start":{"line":58,"column":14},"end":{"line":58,"column":14}}]},"6":{"line":60,"type":"if","locations":[{"start":{"line":60,"column":12},"end":{"line":60,"column":12}},{"start":{"line":60,"column":12},"end":{"line":60,"column":12}}]},"7":{"line":62,"type":"if","locations":[{"start":{"line":62,"column":18},"end":{"line":62,"column":18}},{"start":{"line":62,"column":18},"end":{"line":62,"column":18}}]},"8":{"line":90,"type":"if","locations":[{"start":{"line":90,"column":8},"end":{"line":90,"column":8}},{"start":{"line":90,"column":8},"end":{"line":90,"column":8}}]},"9":{"line":95,"type":"if","locations":[{"start":{"line":95,"column":8},"end":{"line":95,"column":8}},{"start":{"line":95,"column":8},"end":{"line":95,"column":8}}]},"10":{"line":95,"type":"binary-expr","locations":[{"start":{"line":95,"column":11},"end":{"line":95,"column":54}},{"start":{"line":95,"column":58},"end":{"line":95,"column":78}},{"start":{"line":95,"column":82},"end":{"line":95,"column":109}},{"start":{"line":95,"column":113},"end":{"line":95,"column":142}},{"start":{"line":95,"column":146},"end":{"line":95,"column":168}},{"start":{"line":95,"column":172},"end":{"line":95,"column":191}}]},"11":{"line":96,"type":"if","locations":[{"start":{"line":96,"column":12},"end":{"line":96,"column":12}},{"start":{"line":96,"column":12},"end":{"line":96,"column":12}}]},"12":{"line":96,"type":"binary-expr","locations":[{"start":{"line":96,"column":15},"end":{"line":96,"column":49}},{"start":{"line":96,"column":54},"end":{"line":96,"column":110}},{"start":{"line":96,"column":114},"end":{"line":96,"column":168}}]},"13":{"line":107,"type":"if","locations":[{"start":{"line":107,"column":8},"end":{"line":107,"column":8}},{"start":{"line":107,"column":8},"end":{"line":107,"column":8}}]},"14":{"line":107,"type":"binary-expr","locations":[{"start":{"line":107,"column":11},"end":{"line":107,"column":51}},{"start":{"line":107,"column":53},"end":{"line":107,"column":107}},{"start":{"line":107,"column":109},"end":{"line":107,"column":179}},{"start":{"line":107,"column":181},"end":{"line":107,"column":230}}]},"15":{"line":123,"type":"if","locations":[{"start":{"line":123,"column":4},"end":{"line":123,"column":4}},{"start":{"line":123,"column":4},"end":{"line":123,"column":4}}]},"16":{"line":123,"type":"binary-expr","locations":[{"start":{"line":123,"column":7},"end":{"line":123,"column":29}},{"start":{"line":123,"column":33},"end":{"line":123,"column":53}}]},"17":{"line":126,"type":"if","locations":[{"start":{"line":126,"column":21},"end":{"line":126,"column":21}},{"start":{"line":126,"column":21},"end":{"line":126,"column":21}}]},"18":{"line":132,"type":"if","locations":[{"start":{"line":132,"column":16},"end":{"line":132,"column":16}},{"start":{"line":132,"column":16},"end":{"line":132,"column":16}}]},"19":{"line":138,"type":"if","locations":[{"start":{"line":138,"column":8},"end":{"line":138,"column":8}},{"start":{"line":138,"column":8},"end":{"line":138,"column":8}}]},"20":{"line":164,"type":"if","locations":[{"start":{"line":164,"column":8},"end":{"line":164,"column":8}},{"start":{"line":164,"column":8},"end":{"line":164,"column":8}}]},"21":{"line":177,"type":"if","locations":[{"start":{"line":177,"column":8},"end":{"line":177,"column":8}},{"start":{"line":177,"column":8},"end":{"line":177,"column":8}}]},"22":{"line":218,"type":"if","locations":[{"start":{"line":218,"column":8},"end":{"line":218,"column":8}},{"start":{"line":218,"column":8},"end":{"line":218,"column":8}}]},"23":{"line":254,"type":"if","locations":[{"start":{"line":254,"column":8},"end":{"line":254,"column":8}},{"start":{"line":254,"column":8},"end":{"line":254,"column":8}}]},"24":{"line":255,"type":"if","locations":[{"start":{"line":255,"column":12},"end":{"line":255,"column":12}},{"start":{"line":255,"column":12},"end":{"line":255,"column":12}}]},"25":{"line":256,"type":"if","locations":[{"start":{"line":256,"column":16},"end":{"line":256,"column":16}},{"start":{"line":256,"column":16},"end":{"line":256,"column":16}}]},"26":{"line":287,"type":"if","locations":[{"start":{"line":287,"column":8},"end":{"line":287,"column":8}},{"start":{"line":287,"column":8},"end":{"line":287,"column":8}}]},"27":{"line":287,"type":"binary-expr","locations":[{"start":{"line":287,"column":11},"end":{"line":287,"column":19}},{"start":{"line":287,"column":21},"end":{"line":287,"column":34}}]},"28":{"line":289,"type":"if","locations":[{"start":{"line":289,"column":14},"end":{"line":289,"column":14}},{"start":{"line":289,"column":14},"end":{"line":289,"column":14}}]},"29":{"line":289,"type":"binary-expr","locations":[{"start":{"line":289,"column":17},"end":{"line":289,"column":25}},{"start":{"line":289,"column":27},"end":{"line":289,"column":42}}]},"30":{"line":310,"type":"if","locations":[{"start":{"line":310,"column":8},"end":{"line":310,"column":8}},{"start":{"line":310,"column":8},"end":{"line":310,"column":8}}]},"31":{"line":310,"type":"binary-expr","locations":[{"start":{"line":310,"column":11},"end":{"line":310,"column":19}},{"start":{"line":310,"column":21},"end":{"line":310,"column":34}}]},"32":{"line":312,"type":"if","locations":[{"start":{"line":312,"column":14},"end":{"line":312,"column":14}},{"start":{"line":312,"column":14},"end":{"line":312,"column":14}}]},"33":{"line":312,"type":"binary-expr","locations":[{"start":{"line":312,"column":17},"end":{"line":312,"column":25}},{"start":{"line":312,"column":27},"end":{"line":312,"column":42}}]},"34":{"line":336,"type":"if","locations":[{"start":{"line":336,"column":8},"end":{"line":336,"column":8}},{"start":{"line":336,"column":8},"end":{"line":336,"column":8}}]},"35":{"line":336,"type":"binary-expr","locations":[{"start":{"line":336,"column":11},"end":{"line":336,"column":19}},{"start":{"line":336,"column":21},"end":{"line":336,"column":34}}]},"36":{"line":338,"type":"if","locations":[{"start":{"line":338,"column":14},"end":{"line":338,"column":14}},{"start":{"line":338,"column":14},"end":{"line":338,"column":14}}]},"37":{"line":338,"type":"binary-expr","locations":[{"start":{"line":338,"column":17},"end":{"line":338,"column":25}},{"start":{"line":338,"column":27},"end":{"line":338,"column":42}}]}}},"/Users/detiwari/Perforce/EAHQ-apulate_eahy-m-57000605_2063/sfdc/PROJECTS/mocha-aura/examples/salesforce/src/aura/AccountBasicInfo/AccountBasicInfoHelper.js":{"path":"/Users/detiwari/Perforce/EAHQ-apulate_eahy-m-57000605_2063/sfdc/PROJECTS/mocha-aura/examples/salesforce/src/aura/AccountBasicInfo/AccountBasicInfoHelper.js","s":{"1":1,"2":1,"3":1,"4":1,"5":1,"6":1,"7":1,"8":1,"9":1,"10":0,"11":0,"12":1,"13":1,"14":1,"15":1,"16":0,"17":0,"18":0,"19":0,"20":0,"21":0,"22":0,"23":0,"24":0,"25":0,"26":0,"27":0,"28":0,"29":0,"30":0,"31":0,"32":0,"33":0,"34":0,"35":0,"36":0,"37":0,"38":0,"39":0,"40":0,"41":0,"42":0,"43":0,"44":0,"45":0,"46":0,"47":0,"48":0,"49":0,"50":0,"51":0,"52":0,"53":0,"54":1,"55":0,"56":0,"57":0,"58":1,"59":1,"60":1,"61":1,"62":1,"63":1,"64":1,"65":1,"66":1,"67":0,"68":0,"69":0,"70":0,"71":0,"72":0,"73":0,"74":0,"75":0,"76":0,"77":0,"78":0,"79":1,"80":0,"81":0,"82":0,"83":0,"84":0,"85":0,"86":0,"87":0,"88":0,"89":0,"90":0,"91":0,"92":0,"93":0,"94":0,"95":0,"96":0,"97":0,"98":0,"99":0,"100":0,"101":0,"102":0,"103":0,"104":0,"105":0,"106":0,"107":0,"108":0,"109":0,"110":0,"111":0,"112":0,"113":0,"114":0,"115":0,"116":0,"117":0,"118":0,"119":0,"120":0,"121":0,"122":0,"123":0,"124":0,"125":0,"126":1,"127":1,"128":1,"129":1,"130":1,"131":1,"132":1,"133":1,"134":1,"135":1,"136":1,"137":1,"138":1,"139":0,"140":0,"141":0,"142":0,"143":0,"144":0,"145":0,"146":0,"147":0,"148":0,"149":0,"150":1,"151":1,"152":1,"153":1,"154":1,"155":1,"156":1,"157":1,"158":1,"159":230,"160":230,"161":230,"162":230,"163":1,"164":1,"165":168,"166":168,"167":168,"168":168,"169":1,"170":1,"171":1,"172":1,"173":1,"174":1,"175":1,"176":1,"177":1,"178":1,"179":1,"180":1,"181":1,"182":1,"183":0,"184":0,"185":0,"186":0,"187":0,"188":0,"189":0,"190":0,"191":0,"192":1,"193":0,"194":0,"195":0,"196":0,"197":0,"198":0,"199":0,"200":0,"201":0,"202":0,"203":0,"204":0,"205":0,"206":0,"207":0,"208":0,"209":0,"210":0,"211":0,"212":0,"213":0,"214":0,"215":0,"216":0,"217":0,"218":0,"219":0,"220":0,"221":0,"222":0,"223":0,"224":0,"225":0,"226":0,"227":0,"228":0,"229":0,"230":0,"231":0,"232":0,"233":0,"234":0,"235":0,"236":0,"237":0,"238":0,"239":0,"240":0,"241":0,"242":0,"243":0,"244":0,"245":0,"246":0,"247":0,"248":0,"249":0,"250":0,"251":0,"252":0,"253":0,"254":0,"255":0,"256":0,"257":0,"258":0,"259":0,"260":0,"261":0,"262":0,"263":0,"264":0,"265":0,"266":0,"267":0,"268":0,"269":0,"270":0,"271":0,"272":0,"273":0,"274":0,"275":0,"276":0,"277":0,"278":0,"279":0,"280":0,"281":0,"282":0,"283":0,"284":0,"285":0,"286":0,"287":0,"288":0,"289":0,"290":0,"291":0,"292":0,"293":0,"294":0,"295":0,"296":0,"297":0,"298":0,"299":0,"300":0,"301":0,"302":0,"303":0,"304":0,"305":0,"306":0,"307":0,"308":0,"309":0,"310":0,"311":0,"312":0,"313":0,"314":0,"315":0,"316":0,"317":0,"318":0,"319":0,"320":0,"321":0,"322":0,"323":0,"324":0,"325":0,"326":0,"327":0,"328":0,"329":0,"330":0,"331":0,"332":0,"333":0,"334":0,"335":0,"336":0,"337":0,"338":0,"339":0,"340":0,"341":0,"342":0,"343":0,"344":0,"345":0,"346":0,"347":0,"348":0,"349":0,"350":0,"351":0,"352":0,"353":0,"354":0,"355":0,"356":0,"357":0,"358":0,"359":0,"360":0,"361":0,"362":0,"363":0,"364":0,"365":0,"366":0,"367":0,"368":0,"369":0,"370":0,"371":0,"372":0,"373":0,"374":0,"375":0,"376":0,"377":0,"378":0,"379":0,"380":0,"381":0,"382":0,"383":0,"384":0,"385":0,"386":0,"387":0,"388":0,"389":0,"390":0,"391":0,"392":0,"393":0,"394":0,"395":0},"b":{"1":[0,1],"2":[0,0],"3":[0,0],"4":[0,0],"5":[0,0],"6":[0,0],"7":[0,0],"8":[0,0],"9":[1,0],"10":[1,1],"11":[0,0],"12":[0,0],"13":[0,0],"14":[0,0],"15":[0,0],"16":[0,0,0],"17":[0,0],"18":[0,0],"19":[0,0],"20":[0,0],"21":[0,0],"22":[0,0],"23":[0,0],"24":[0,0],"25":[0,0],"26":[0,0],"27":[0,0],"28":[0,0],"29":[0,0],"30":[0,0],"31":[0,0,0],"32":[0,0],"33":[0,0],"34":[0,0,0],"35":[0,0],"36":[0,0,0,0,0,0],"37":[0,0],"38":[0,0],"39":[0,0],"40":[0,0],"41":[0,0],"42":[0,0],"43":[0,0],"44":[0,0],"45":[0,0],"46":[0,0],"47":[0,0],"48":[0,0],"49":[0,0],"50":[0,0]},"f":{"1":1,"2":1,"3":0,"4":0,"5":1,"6":0,"7":0,"8":0,"9":1,"10":0,"11":1,"12":1,"13":1,"14":1,"15":1,"16":1,"17":0,"18":0,"19":0,"20":0,"21":0,"22":0,"23":0,"24":0,"25":0,"26":0,"27":0,"28":0,"29":0,"30":0,"31":0,"32":0,"33":0,"34":0,"35":0,"36":0,"37":0,"38":0,"39":0,"40":0},"fnMap":{"1":{"name":"(anonymous_1)","line":2,"loc":{"start":{"line":2,"column":22},"end":{"line":2,"column":48}}},"2":{"name":"(anonymous_2)","line":13,"loc":{"start":{"line":13,"column":25},"end":{"line":13,"column":58}}},"3":{"name":"(anonymous_3)","line":30,"loc":{"start":{"line":30,"column":33},"end":{"line":30,"column":52}}},"4":{"name":"(anonymous_4)","line":92,"loc":{"start":{"line":92,"column":18},"end":{"line":92,"column":52}}},"5":{"name":"(anonymous_5)","line":100,"loc":{"start":{"line":100,"column":22},"end":{"line":100,"column":65}}},"6":{"name":"(anonymous_6)","line":122,"loc":{"start":{"line":122,"column":33},"end":{"line":122,"column":52}}},"7":{"name":"(anonymous_7)","line":153,"loc":{"start":{"line":153,"column":24},"end":{"line":153,"column":56}}},"8":{"name":"(anonymous_8)","line":184,"loc":{"start":{"line":184,"column":33},"end":{"line":184,"column":51}}},"9":{"name":"(anonymous_9)","line":234,"loc":{"start":{"line":234,"column":25},"end":{"line":234,"column":58}}},"10":{"name":"(anonymous_10)","line":252,"loc":{"start":{"line":252,"column":33},"end":{"line":252,"column":52}}},"11":{"name":"(anonymous_11)","line":283,"loc":{"start":{"line":283,"column":17},"end":{"line":283,"column":44}}},"12":{"name":"(anonymous_12)","line":287,"loc":{"start":{"line":287,"column":18},"end":{"line":287,"column":43}}},"13":{"name":"(anonymous_13)","line":291,"loc":{"start":{"line":291,"column":23},"end":{"line":291,"column":50}}},"14":{"name":"(anonymous_14)","line":295,"loc":{"start":{"line":295,"column":24},"end":{"line":295,"column":49}}},"15":{"name":"(anonymous_15)","line":299,"loc":{"start":{"line":299,"column":26},"end":{"line":299,"column":59}}},"16":{"name":"(anonymous_16)","line":336,"loc":{"start":{"line":336,"column":15},"end":{"line":336,"column":95}}},"17":{"name":"(anonymous_17)","line":352,"loc":{"start":{"line":352,"column":33},"end":{"line":352,"column":52}}},"18":{"name":"(anonymous_18)","line":371,"loc":{"start":{"line":371,"column":26},"end":{"line":371,"column":54}}},"19":{"name":"(anonymous_19)","line":382,"loc":{"start":{"line":382,"column":33},"end":{"line":382,"column":52}}},"20":{"name":"(anonymous_20)","line":398,"loc":{"start":{"line":398,"column":22},"end":{"line":398,"column":57}}},"21":{"name":"(anonymous_21)","line":406,"loc":{"start":{"line":406,"column":33},"end":{"line":406,"column":52}}},"22":{"name":"(anonymous_22)","line":410,"loc":{"start":{"line":410,"column":54},"end":{"line":410,"column":70}}},"23":{"name":"(anonymous_23)","line":417,"loc":{"start":{"line":417,"column":23},"end":{"line":417,"column":39}}},"24":{"name":"(anonymous_24)","line":432,"loc":{"start":{"line":432,"column":24},"end":{"line":432,"column":67}}},"25":{"name":"(anonymous_25)","line":440,"loc":{"start":{"line":440,"column":33},"end":{"line":440,"column":52}}},"26":{"name":"(anonymous_26)","line":475,"loc":{"start":{"line":475,"column":12},"end":{"line":476,"column":4}}},"27":{"name":"(anonymous_27)","line":487,"loc":{"start":{"line":487,"column":31},"end":{"line":487,"column":50}}},"28":{"name":"(anonymous_28)","line":507,"loc":{"start":{"line":507,"column":18},"end":{"line":507,"column":54}}},"29":{"name":"(anonymous_29)","line":513,"loc":{"start":{"line":513,"column":33},"end":{"line":513,"column":53}}},"30":{"name":"(anonymous_30)","line":522,"loc":{"start":{"line":522,"column":24},"end":{"line":522,"column":58}}},"31":{"name":"(anonymous_31)","line":538,"loc":{"start":{"line":538,"column":33},"end":{"line":538,"column":52}}},"32":{"name":"(anonymous_32)","line":566,"loc":{"start":{"line":566,"column":33},"end":{"line":566,"column":68}}},"33":{"name":"(anonymous_33)","line":581,"loc":{"start":{"line":581,"column":33},"end":{"line":581,"column":52}}},"34":{"name":"(anonymous_34)","line":605,"loc":{"start":{"line":605,"column":24},"end":{"line":605,"column":59}}},"35":{"name":"(anonymous_35)","line":620,"loc":{"start":{"line":620,"column":33},"end":{"line":620,"column":52}}},"36":{"name":"(anonymous_36)","line":648,"loc":{"start":{"line":648,"column":13},"end":{"line":648,"column":45}}},"37":{"name":"(anonymous_37)","line":669,"loc":{"start":{"line":669,"column":32},"end":{"line":669,"column":50}}},"38":{"name":"(anonymous_38)","line":726,"loc":{"start":{"line":726,"column":16},"end":{"line":726,"column":48}}},"39":{"name":"(anonymous_39)","line":728,"loc":{"start":{"line":728,"column":32},"end":{"line":728,"column":50}}},"40":{"name":"(anonymous_40)","line":738,"loc":{"start":{"line":738,"column":65},"end":{"line":738,"column":78}}}},"statementMap":{"1":{"start":{"line":1,"column":0},"end":{"line":749,"column":2}},"2":{"start":{"line":3,"column":8},"end":{"line":3,"column":52}},"3":{"start":{"line":9,"column":12},"end":{"line":9,"column":50}},"4":{"start":{"line":10,"column":12},"end":{"line":10,"column":50}},"5":{"start":{"line":14,"column":8},"end":{"line":14,"column":36}},"6":{"start":{"line":15,"column":8},"end":{"line":15,"column":30}},"7":{"start":{"line":16,"column":8},"end":{"line":16,"column":44}},"8":{"start":{"line":18,"column":8},"end":{"line":18,"column":53}},"9":{"start":{"line":20,"column":8},"end":{"line":26,"column":9}},"10":{"start":{"line":21,"column":12},"end":{"line":21,"column":70}},"11":{"start":{"line":22,"column":12},"end":{"line":22,"column":59}},"12":{"start":{"line":24,"column":12},"end":{"line":24,"column":59}},"13":{"start":{"line":25,"column":12},"end":{"line":25,"column":56}},"14":{"start":{"line":27,"column":8},"end":{"line":29,"column":11}},"15":{"start":{"line":30,"column":8},"end":{"line":88,"column":11}},"16":{"start":{"line":31,"column":12},"end":{"line":31,"column":44}},"17":{"start":{"line":32,"column":12},"end":{"line":32,"column":48}},"18":{"start":{"line":33,"column":12},"end":{"line":87,"column":14}},"19":{"start":{"line":34,"column":16},"end":{"line":34,"column":62}},"20":{"start":{"line":36,"column":16},"end":{"line":36,"column":76}},"21":{"start":{"line":37,"column":16},"end":{"line":39,"column":17}},"22":{"start":{"line":38,"column":20},"end":{"line":38,"column":92}},"23":{"start":{"line":41,"column":16},"end":{"line":48,"column":17}},"24":{"start":{"line":42,"column":20},"end":{"line":42,"column":86}},"25":{"start":{"line":43,"column":20},"end":{"line":43,"column":86}},"26":{"start":{"line":44,"column":20},"end":{"line":44,"column":118}},"27":{"start":{"line":45,"column":20},"end":{"line":45,"column":117}},"28":{"start":{"line":47,"column":20},"end":{"line":47,"column":77}},"29":{"start":{"line":50,"column":16},"end":{"line":55,"column":17}},"30":{"start":{"line":51,"column":20},"end":{"line":51,"column":56}},"31":{"start":{"line":52,"column":20},"end":{"line":52,"column":81}},"32":{"start":{"line":54,"column":20},"end":{"line":54,"column":81}},"33":{"start":{"line":56,"column":16},"end":{"line":56,"column":72}},"34":{"start":{"line":57,"column":12},"end":{"line":57,"column":68}},"35":{"start":{"line":58,"column":12},"end":{"line":58,"column":45}},"36":{"start":{"line":59,"column":16},"end":{"line":59,"column":77}},"37":{"start":{"line":60,"column":16},"end":{"line":60,"column":86}},"38":{"start":{"line":62,"column":16},"end":{"line":62,"column":76}},"39":{"start":{"line":63,"column":16},"end":{"line":63,"column":84}},"40":{"start":{"line":64,"column":16},"end":{"line":67,"column":17}},"41":{"start":{"line":65,"column":20},"end":{"line":65,"column":74}},"42":{"start":{"line":66,"column":20},"end":{"line":66,"column":55}},"43":{"start":{"line":68,"column":16},"end":{"line":71,"column":17}},"44":{"start":{"line":69,"column":20},"end":{"line":69,"column":82}},"45":{"start":{"line":70,"column":20},"end":{"line":70,"column":59}},"46":{"start":{"line":73,"column":16},"end":{"line":73,"column":82}},"47":{"start":{"line":74,"column":16},"end":{"line":74,"column":61}},"48":{"start":{"line":75,"column":16},"end":{"line":75,"column":64}},"49":{"start":{"line":76,"column":16},"end":{"line":76,"column":72}},"50":{"start":{"line":77,"column":16},"end":{"line":77,"column":79}},"51":{"start":{"line":80,"column":24},"end":{"line":80,"column":63}},"52":{"start":{"line":82,"column":24},"end":{"line":85,"column":27}},"53":{"start":{"line":86,"column":24},"end":{"line":86,"column":42}},"54":{"start":{"line":89,"column":8},"end":{"line":89,"column":33}},"55":{"start":{"line":93,"column":8},"end":{"line":97,"column":9}},"56":{"start":{"line":94,"column":12},"end":{"line":94,"column":62}},"57":{"start":{"line":96,"column":12},"end":{"line":96,"column":59}},"58":{"start":{"line":101,"column":8},"end":{"line":101,"column":53}},"59":{"start":{"line":102,"column":8},"end":{"line":102,"column":65}},"60":{"start":{"line":106,"column":8},"end":{"line":106,"column":114}},"61":{"start":{"line":109,"column":8},"end":{"line":109,"column":53}},"62":{"start":{"line":110,"column":8},"end":{"line":112,"column":9}},"63":{"start":{"line":111,"column":12},"end":{"line":111,"column":48}},"64":{"start":{"line":115,"column":8},"end":{"line":115,"column":50}},"65":{"start":{"line":117,"column":8},"end":{"line":121,"column":11}},"66":{"start":{"line":122,"column":8},"end":{"line":149,"column":11}},"67":{"start":{"line":123,"column":12},"end":{"line":123,"column":44}},"68":{"start":{"line":125,"column":12},"end":{"line":125,"column":48}},"69":{"start":{"line":126,"column":12},"end":{"line":146,"column":13}},"70":{"start":{"line":128,"column":16},"end":{"line":128,"column":54}},"71":{"start":{"line":129,"column":4},"end":{"line":129,"column":47}},"72":{"start":{"line":130,"column":20},"end":{"line":130,"column":57}},"73":{"start":{"line":132,"column":16},"end":{"line":135,"column":19}},"74":{"start":{"line":136,"column":16},"end":{"line":136,"column":34}},"75":{"start":{"line":137,"column":4},"end":{"line":137,"column":47}},"76":{"start":{"line":139,"column":16},"end":{"line":139,"column":55}},"77":{"start":{"line":141,"column":16},"end":{"line":144,"column":19}},"78":{"start":{"line":145,"column":16},"end":{"line":145,"column":34}},"79":{"start":{"line":150,"column":8},"end":{"line":150,"column":33}},"80":{"start":{"line":154,"column":8},"end":{"line":154,"column":52}},"81":{"start":{"line":155,"column":8},"end":{"line":155,"column":65}},"82":{"start":{"line":156,"column":8},"end":{"line":156,"column":34}},"83":{"start":{"line":157,"column":8},"end":{"line":157,"column":68}},"84":{"start":{"line":158,"column":8},"end":{"line":158,"column":20}},"85":{"start":{"line":159,"column":8},"end":{"line":159,"column":59}},"86":{"start":{"line":160,"column":8},"end":{"line":172,"column":9}},"87":{"start":{"line":161,"column":12},"end":{"line":161,"column":55}},"88":{"start":{"line":162,"column":12},"end":{"line":168,"column":13}},"89":{"start":{"line":163,"column":16},"end":{"line":163,"column":68}},"90":{"start":{"line":164,"column":16},"end":{"line":164,"column":48}},"91":{"start":{"line":166,"column":13},"end":{"line":166,"column":73}},"92":{"start":{"line":167,"column":13},"end":{"line":167,"column":53}},"93":{"start":{"line":170,"column":12},"end":{"line":170,"column":52}},"94":{"start":{"line":171,"column":12},"end":{"line":171,"column":32}},"95":{"start":{"line":173,"column":8},"end":{"line":173,"column":57}},"96":{"start":{"line":174,"column":8},"end":{"line":174,"column":84}},"97":{"start":{"line":175,"column":8},"end":{"line":175,"column":65}},"98":{"start":{"line":176,"column":8},"end":{"line":176,"column":62}},"99":{"start":{"line":177,"column":8},"end":{"line":177,"column":63}},"100":{"start":{"line":178,"column":9},"end":{"line":180,"column":11}},"101":{"start":{"line":183,"column":8},"end":{"line":183,"column":43}},"102":{"start":{"line":184,"column":8},"end":{"line":231,"column":11}},"103":{"start":{"line":185,"column":12},"end":{"line":185,"column":48}},"104":{"start":{"line":187,"column":12},"end":{"line":187,"column":44}},"105":{"start":{"line":189,"column":12},"end":{"line":230,"column":13}},"106":{"start":{"line":191,"column":16},"end":{"line":191,"column":63}},"107":{"start":{"line":192,"column":4},"end":{"line":192,"column":62}},"108":{"start":{"line":193,"column":16},"end":{"line":193,"column":72}},"109":{"start":{"line":195,"column":4},"end":{"line":195,"column":49}},"110":{"start":{"line":196,"column":16},"end":{"line":218,"column":17}},"111":{"start":{"line":197,"column":20},"end":{"line":201,"column":23}},"112":{"start":{"line":202,"column":20},"end":{"line":202,"column":38}},"113":{"start":{"line":204,"column":20},"end":{"line":204,"column":64}},"114":{"start":{"line":205,"column":20},"end":{"line":210,"column":23}},"115":{"start":{"line":211,"column":20},"end":{"line":211,"column":38}},"116":{"start":{"line":213,"column":5},"end":{"line":213,"column":77}},"117":{"start":{"line":214,"column":20},"end":{"line":216,"column":23}},"118":{"start":{"line":217,"column":20},"end":{"line":217,"column":48}},"119":{"start":{"line":219,"column":15},"end":{"line":219,"column":61}},"120":{"start":{"line":220,"column":18},"end":{"line":230,"column":13}},"121":{"start":{"line":221,"column":16},"end":{"line":221,"column":60}},"122":{"start":{"line":222,"column":16},"end":{"line":227,"column":21}},"123":{"start":{"line":228,"column":16},"end":{"line":228,"column":34}},"124":{"start":{"line":229,"column":16},"end":{"line":229,"column":62}},"125":{"start":{"line":232,"column":8},"end":{"line":232,"column":33}},"126":{"start":{"line":235,"column":8},"end":{"line":235,"column":63}},"127":{"start":{"line":236,"column":8},"end":{"line":236,"column":32}},"128":{"start":{"line":237,"column":8},"end":{"line":237,"column":65}},"129":{"start":{"line":238,"column":8},"end":{"line":238,"column":55}},"130":{"start":{"line":239,"column":8},"end":{"line":239,"column":51}},"131":{"start":{"line":240,"column":8},"end":{"line":240,"column":82}},"132":{"start":{"line":241,"column":8},"end":{"line":241,"column":92}},"133":{"start":{"line":242,"column":8},"end":{"line":242,"column":55}},"134":{"start":{"line":243,"column":8},"end":{"line":243,"column":63}},"135":{"start":{"line":244,"column":8},"end":{"line":244,"column":53}},"136":{"start":{"line":246,"column":8},"end":{"line":246,"column":44}},"137":{"start":{"line":247,"column":8},"end":{"line":251,"column":11}},"138":{"start":{"line":252,"column":8},"end":{"line":279,"column":11}},"139":{"start":{"line":253,"column":12},"end":{"line":253,"column":44}},"140":{"start":{"line":254,"column":12},"end":{"line":278,"column":13}},"141":{"start":{"line":255,"column":16},"end":{"line":268,"column":17}},"142":{"start":{"line":256,"column":20},"end":{"line":256,"column":67}},"143":{"start":{"line":259,"column":20},"end":{"line":259,"column":58}},"144":{"start":{"line":261,"column":20},"end":{"line":261,"column":56}},"145":{"start":{"line":263,"column":20},"end":{"line":266,"column":23}},"146":{"start":{"line":267,"column":20},"end":{"line":267,"column":38}},"147":{"start":{"line":271,"column":16},"end":{"line":271,"column":52}},"148":{"start":{"line":273,"column":16},"end":{"line":276,"column":19}},"149":{"start":{"line":277,"column":16},"end":{"line":277,"column":34}},"150":{"start":{"line":280,"column":8},"end":{"line":280,"column":33}},"151":{"start":{"line":284,"column":8},"end":{"line":284,"column":41}},"152":{"start":{"line":288,"column":8},"end":{"line":288,"column":42}},"153":{"start":{"line":292,"column":8},"end":{"line":292,"column":47}},"154":{"start":{"line":296,"column":8},"end":{"line":296,"column":48}},"155":{"start":{"line":300,"column":8},"end":{"line":315,"column":9}},"156":{"start":{"line":316,"column":8},"end":{"line":316,"column":38}},"157":{"start":{"line":318,"column":8},"end":{"line":318,"column":27}},"158":{"start":{"line":319,"column":8},"end":{"line":324,"column":9}},"159":{"start":{"line":320,"column":12},"end":{"line":320,"column":30}},"160":{"start":{"line":321,"column":12},"end":{"line":321,"column":72}},"161":{"start":{"line":322,"column":12},"end":{"line":322,"column":71}},"162":{"start":{"line":323,"column":12},"end":{"line":323,"column":42}},"163":{"start":{"line":326,"column":8},"end":{"line":326,"column":28}},"164":{"start":{"line":327,"column":8},"end":{"line":332,"column":9}},"165":{"start":{"line":328,"column":12},"end":{"line":328,"column":31}},"166":{"start":{"line":329,"column":12},"end":{"line":329,"column":73}},"167":{"start":{"line":330,"column":12},"end":{"line":330,"column":73}},"168":{"start":{"line":331,"column":12},"end":{"line":331,"column":44}},"169":{"start":{"line":333,"column":8},"end":{"line":333,"column":53}},"170":{"start":{"line":334,"column":8},"end":{"line":334,"column":55}},"171":{"start":{"line":337,"column":8},"end":{"line":337,"column":50}},"172":{"start":{"line":338,"column":8},"end":{"line":338,"column":66}},"173":{"start":{"line":339,"column":8},"end":{"line":339,"column":20}},"174":{"start":{"line":340,"column":8},"end":{"line":340,"column":37}},"175":{"start":{"line":341,"column":8},"end":{"line":341,"column":42}},"176":{"start":{"line":342,"column":8},"end":{"line":342,"column":50}},"177":{"start":{"line":343,"column":8},"end":{"line":343,"column":43}},"178":{"start":{"line":344,"column":8},"end":{"line":344,"column":58}},"179":{"start":{"line":345,"column":8},"end":{"line":345,"column":50}},"180":{"start":{"line":346,"column":8},"end":{"line":346,"column":53}},"181":{"start":{"line":347,"column":8},"end":{"line":351,"column":11}},"182":{"start":{"line":352,"column":8},"end":{"line":367,"column":11}},"183":{"start":{"line":353,"column":12},"end":{"line":353,"column":44}},"184":{"start":{"line":354,"column":12},"end":{"line":366,"column":13}},"185":{"start":{"line":355,"column":16},"end":{"line":355,"column":62}},"186":{"start":{"line":356,"column":16},"end":{"line":356,"column":76}},"187":{"start":{"line":357,"column":16},"end":{"line":357,"column":71}},"188":{"start":{"line":358,"column":16},"end":{"line":358,"column":79}},"189":{"start":{"line":359,"column":16},"end":{"line":359,"column":58}},"190":{"start":{"line":361,"column":16},"end":{"line":364,"column":19}},"191":{"start":{"line":365,"column":16},"end":{"line":365,"column":34}},"192":{"start":{"line":368,"column":8},"end":{"line":368,"column":33}},"193":{"start":{"line":372,"column":8},"end":{"line":372,"column":61}},"194":{"start":{"line":373,"column":8},"end":{"line":373,"column":66}},"195":{"start":{"line":374,"column":8},"end":{"line":374,"column":83}},"196":{"start":{"line":375,"column":8},"end":{"line":375,"column":53}},"197":{"start":{"line":376,"column":8},"end":{"line":381,"column":11}},"198":{"start":{"line":382,"column":8},"end":{"line":394,"column":11}},"199":{"start":{"line":383,"column":12},"end":{"line":383,"column":44}},"200":{"start":{"line":384,"column":12},"end":{"line":393,"column":13}},"201":{"start":{"line":385,"column":16},"end":{"line":385,"column":62}},"202":{"start":{"line":386,"column":16},"end":{"line":386,"column":69}},"203":{"start":{"line":388,"column":16},"end":{"line":391,"column":19}},"204":{"start":{"line":392,"column":16},"end":{"line":392,"column":34}},"205":{"start":{"line":395,"column":8},"end":{"line":395,"column":33}},"206":{"start":{"line":399,"column":8},"end":{"line":399,"column":64}},"207":{"start":{"line":400,"column":8},"end":{"line":400,"column":55}},"208":{"start":{"line":401,"column":8},"end":{"line":401,"column":55}},"209":{"start":{"line":402,"column":8},"end":{"line":402,"column":53}},"210":{"start":{"line":403,"column":8},"end":{"line":405,"column":11}},"211":{"start":{"line":406,"column":8},"end":{"line":428,"column":11}},"212":{"start":{"line":407,"column":12},"end":{"line":407,"column":44}},"213":{"start":{"line":408,"column":12},"end":{"line":427,"column":13}},"214":{"start":{"line":409,"column":16},"end":{"line":409,"column":62}},"215":{"start":{"line":410,"column":16},"end":{"line":419,"column":19}},"216":{"start":{"line":411,"column":20},"end":{"line":415,"column":23}},"217":{"start":{"line":418,"column":20},"end":{"line":418,"column":39}},"218":{"start":{"line":422,"column":16},"end":{"line":425,"column":19}},"219":{"start":{"line":426,"column":16},"end":{"line":426,"column":34}},"220":{"start":{"line":429,"column":8},"end":{"line":429,"column":33}},"221":{"start":{"line":433,"column":8},"end":{"line":433,"column":65}},"222":{"start":{"line":434,"column":8},"end":{"line":434,"column":66}},"223":{"start":{"line":435,"column":8},"end":{"line":435,"column":55}},"224":{"start":{"line":436,"column":8},"end":{"line":436,"column":53}},"225":{"start":{"line":437,"column":8},"end":{"line":439,"column":11}},"226":{"start":{"line":440,"column":8},"end":{"line":472,"column":11}},"227":{"start":{"line":441,"column":12},"end":{"line":441,"column":44}},"228":{"start":{"line":442,"column":12},"end":{"line":471,"column":13}},"229":{"start":{"line":444,"column":16},"end":{"line":444,"column":67}},"230":{"start":{"line":445,"column":16},"end":{"line":445,"column":87}},"231":{"start":{"line":447,"column":16},"end":{"line":452,"column":17}},"232":{"start":{"line":448,"column":20},"end":{"line":448,"column":79}},"233":{"start":{"line":450,"column":21},"end":{"line":452,"column":17}},"234":{"start":{"line":451,"column":20},"end":{"line":451,"column":58}},"235":{"start":{"line":453,"column":16},"end":{"line":455,"column":17}},"236":{"start":{"line":454,"column":20},"end":{"line":454,"column":53}},"237":{"start":{"line":457,"column":16},"end":{"line":457,"column":86}},"238":{"start":{"line":458,"column":16},"end":{"line":470,"column":17}},"239":{"start":{"line":459,"column":20},"end":{"line":459,"column":61}},"240":{"start":{"line":461,"column":20},"end":{"line":464,"column":23}},"241":{"start":{"line":465,"column":5},"end":{"line":466,"column":38}},"242":{"start":{"line":466,"column":20},"end":{"line":466,"column":38}},"243":{"start":{"line":469,"column":20},"end":{"line":469,"column":62}},"244":{"start":{"line":473,"column":8},"end":{"line":473,"column":33}},"245":{"start":{"line":477,"column":8},"end":{"line":477,"column":31}},"246":{"start":{"line":478,"column":8},"end":{"line":478,"column":45}},"247":{"start":{"line":479,"column":8},"end":{"line":479,"column":64}},"248":{"start":{"line":480,"column":8},"end":{"line":480,"column":60}},"249":{"start":{"line":481,"column":8},"end":{"line":484,"column":9}},"250":{"start":{"line":483,"column":12},"end":{"line":483,"column":18}},"251":{"start":{"line":485,"column":8},"end":{"line":485,"column":19}},"252":{"start":{"line":488,"column":8},"end":{"line":488,"column":57}},"253":{"start":{"line":489,"column":8},"end":{"line":495,"column":76}},"254":{"start":{"line":497,"column":8},"end":{"line":502,"column":9}},"255":{"start":{"line":498,"column":12},"end":{"line":498,"column":50}},"256":{"start":{"line":501,"column":12},"end":{"line":501,"column":49}},"257":{"start":{"line":508,"column":8},"end":{"line":508,"column":47}},"258":{"start":{"line":509,"column":8},"end":{"line":509,"column":60}},"259":{"start":{"line":510,"column":8},"end":{"line":512,"column":11}},"260":{"start":{"line":513,"column":8},"end":{"line":518,"column":11}},"261":{"start":{"line":514,"column":12},"end":{"line":514,"column":44}},"262":{"start":{"line":515,"column":12},"end":{"line":517,"column":13}},"263":{"start":{"line":516,"column":16},"end":{"line":516,"column":78}},"264":{"start":{"line":519,"column":8},"end":{"line":519,"column":33}},"265":{"start":{"line":523,"column":8},"end":{"line":523,"column":61}},"266":{"start":{"line":524,"column":8},"end":{"line":524,"column":68}},"267":{"start":{"line":525,"column":8},"end":{"line":525,"column":31}},"268":{"start":{"line":526,"column":8},"end":{"line":526,"column":53}},"269":{"start":{"line":528,"column":8},"end":{"line":528,"column":63}},"270":{"start":{"line":529,"column":8},"end":{"line":529,"column":53}},"271":{"start":{"line":530,"column":8},"end":{"line":530,"column":57}},"272":{"start":{"line":531,"column":8},"end":{"line":531,"column":69}},"273":{"start":{"line":532,"column":8},"end":{"line":532,"column":84}},"274":{"start":{"line":534,"column":8},"end":{"line":536,"column":11}},"275":{"start":{"line":538,"column":8},"end":{"line":562,"column":11}},"276":{"start":{"line":539,"column":12},"end":{"line":539,"column":44}},"277":{"start":{"line":540,"column":12},"end":{"line":560,"column":13}},"278":{"start":{"line":541,"column":16},"end":{"line":541,"column":62}},"279":{"start":{"line":542,"column":16},"end":{"line":545,"column":19}},"280":{"start":{"line":547,"column":16},"end":{"line":547,"column":62}},"281":{"start":{"line":548,"column":16},"end":{"line":548,"column":49}},"282":{"start":{"line":549,"column":16},"end":{"line":559,"column":17}},"283":{"start":{"line":550,"column":20},"end":{"line":553,"column":23}},"284":{"start":{"line":555,"column":20},"end":{"line":558,"column":23}},"285":{"start":{"line":561,"column":12},"end":{"line":561,"column":30}},"286":{"start":{"line":563,"column":8},"end":{"line":563,"column":33}},"287":{"start":{"line":567,"column":8},"end":{"line":567,"column":62}},"288":{"start":{"line":568,"column":8},"end":{"line":568,"column":68}},"289":{"start":{"line":569,"column":8},"end":{"line":569,"column":53}},"290":{"start":{"line":570,"column":8},"end":{"line":570,"column":31}},"291":{"start":{"line":572,"column":8},"end":{"line":572,"column":63}},"292":{"start":{"line":573,"column":8},"end":{"line":573,"column":53}},"293":{"start":{"line":574,"column":8},"end":{"line":574,"column":57}},"294":{"start":{"line":575,"column":8},"end":{"line":575,"column":69}},"295":{"start":{"line":577,"column":8},"end":{"line":579,"column":11}},"296":{"start":{"line":581,"column":8},"end":{"line":601,"column":11}},"297":{"start":{"line":582,"column":12},"end":{"line":582,"column":44}},"298":{"start":{"line":583,"column":12},"end":{"line":600,"column":13}},"299":{"start":{"line":584,"column":16},"end":{"line":584,"column":113}},"300":{"start":{"line":585,"column":16},"end":{"line":585,"column":65}},"301":{"start":{"line":586,"column":16},"end":{"line":586,"column":71}},"302":{"start":{"line":589,"column":16},"end":{"line":589,"column":62}},"303":{"start":{"line":590,"column":16},"end":{"line":590,"column":49}},"304":{"start":{"line":591,"column":16},"end":{"line":599,"column":17}},"305":{"start":{"line":592,"column":20},"end":{"line":595,"column":23}},"306":{"start":{"line":596,"column":20},"end":{"line":596,"column":38}},"307":{"start":{"line":598,"column":20},"end":{"line":598,"column":84}},"308":{"start":{"line":602,"column":8},"end":{"line":602,"column":33}},"309":{"start":{"line":606,"column":8},"end":{"line":606,"column":61}},"310":{"start":{"line":607,"column":8},"end":{"line":607,"column":68}},"311":{"start":{"line":608,"column":8},"end":{"line":608,"column":53}},"312":{"start":{"line":609,"column":8},"end":{"line":609,"column":31}},"313":{"start":{"line":611,"column":8},"end":{"line":611,"column":63}},"314":{"start":{"line":612,"column":8},"end":{"line":612,"column":53}},"315":{"start":{"line":613,"column":8},"end":{"line":613,"column":57}},"316":{"start":{"line":614,"column":8},"end":{"line":614,"column":81}},"317":{"start":{"line":616,"column":8},"end":{"line":618,"column":11}},"318":{"start":{"line":620,"column":8},"end":{"line":645,"column":11}},"319":{"start":{"line":621,"column":12},"end":{"line":621,"column":44}},"320":{"start":{"line":622,"column":12},"end":{"line":643,"column":13}},"321":{"start":{"line":623,"column":16},"end":{"line":623,"column":62}},"322":{"start":{"line":624,"column":16},"end":{"line":627,"column":19}},"323":{"start":{"line":630,"column":16},"end":{"line":630,"column":62}},"324":{"start":{"line":631,"column":16},"end":{"line":631,"column":49}},"325":{"start":{"line":632,"column":16},"end":{"line":642,"column":17}},"326":{"start":{"line":633,"column":20},"end":{"line":636,"column":23}},"327":{"start":{"line":638,"column":20},"end":{"line":641,"column":23}},"328":{"start":{"line":644,"column":12},"end":{"line":644,"column":30}},"329":{"start":{"line":646,"column":8},"end":{"line":646,"column":33}},"330":{"start":{"line":649,"column":8},"end":{"line":649,"column":57}},"331":{"start":{"line":650,"column":8},"end":{"line":650,"column":53}},"332":{"start":{"line":651,"column":8},"end":{"line":651,"column":48}},"333":{"start":{"line":652,"column":8},"end":{"line":652,"column":30}},"334":{"start":{"line":653,"column":8},"end":{"line":653,"column":22}},"335":{"start":{"line":654,"column":8},"end":{"line":654,"column":45}},"336":{"start":{"line":655,"column":8},"end":{"line":655,"column":55}},"337":{"start":{"line":656,"column":8},"end":{"line":656,"column":66}},"338":{"start":{"line":657,"column":8},"end":{"line":657,"column":40}},"339":{"start":{"line":658,"column":8},"end":{"line":658,"column":36}},"340":{"start":{"line":659,"column":8},"end":{"line":659,"column":33}},"341":{"start":{"line":660,"column":8},"end":{"line":660,"column":40}},"342":{"start":{"line":661,"column":8},"end":{"line":661,"column":51}},"343":{"start":{"line":662,"column":8},"end":{"line":662,"column":103}},"344":{"start":{"line":663,"column":8},"end":{"line":663,"column":49}},"345":{"start":{"line":664,"column":8},"end":{"line":664,"column":53}},"346":{"start":{"line":665,"column":8},"end":{"line":665,"column":65}},"347":{"start":{"line":666,"column":8},"end":{"line":668,"column":11}},"348":{"start":{"line":669,"column":8},"end":{"line":721,"column":11}},"349":{"start":{"line":670,"column":12},"end":{"line":670,"column":160}},"350":{"start":{"line":671,"column":12},"end":{"line":720,"column":13}},"351":{"start":{"line":672,"column":16},"end":{"line":672,"column":53}},"352":{"start":{"line":673,"column":13},"end":{"line":673,"column":54}},"353":{"start":{"line":674,"column":16},"end":{"line":674,"column":50}},"354":{"start":{"line":675,"column":16},"end":{"line":675,"column":66}},"355":{"start":{"line":676,"column":15},"end":{"line":676,"column":63}},"356":{"start":{"line":679,"column":11},"end":{"line":682,"column":18}},"357":{"start":{"line":683,"column":15},"end":{"line":683,"column":33}},"358":{"start":{"line":687,"column":17},"end":{"line":720,"column":13}},"359":{"start":{"line":688,"column":16},"end":{"line":688,"column":62}},"360":{"start":{"line":689,"column":16},"end":{"line":689,"column":52}},"361":{"start":{"line":690,"column":16},"end":{"line":718,"column":17}},"362":{"start":{"line":691,"column":20},"end":{"line":691,"column":86}},"363":{"start":{"line":692,"column":20},"end":{"line":692,"column":57}},"364":{"start":{"line":693,"column":20},"end":{"line":693,"column":61}},"365":{"start":{"line":694,"column":20},"end":{"line":694,"column":54}},"366":{"start":{"line":695,"column":20},"end":{"line":695,"column":70}},"367":{"start":{"line":696,"column":20},"end":{"line":699,"column":23}},"368":{"start":{"line":700,"column":20},"end":{"line":700,"column":38}},"369":{"start":{"line":702,"column":21},"end":{"line":718,"column":17}},"370":{"start":{"line":703,"column":20},"end":{"line":703,"column":93}},"371":{"start":{"line":704,"column":20},"end":{"line":704,"column":57}},"372":{"start":{"line":705,"column":20},"end":{"line":705,"column":61}},"373":{"start":{"line":706,"column":20},"end":{"line":706,"column":54}},"374":{"start":{"line":707,"column":20},"end":{"line":707,"column":68}},"375":{"start":{"line":708,"column":20},"end":{"line":711,"column":23}},"376":{"start":{"line":712,"column":20},"end":{"line":715,"column":22}},"377":{"start":{"line":716,"column":20},"end":{"line":716,"column":38}},"378":{"start":{"line":717,"column":20},"end":{"line":717,"column":50}},"379":{"start":{"line":722,"column":8},"end":{"line":722,"column":33}},"380":{"start":{"line":727,"column":4},"end":{"line":727,"column":56}},"381":{"start":{"line":728,"column":8},"end":{"line":745,"column":11}},"382":{"start":{"line":730,"column":12},"end":{"line":730,"column":59}},"383":{"start":{"line":731,"column":12},"end":{"line":731,"column":60}},"384":{"start":{"line":732,"column":12},"end":{"line":732,"column":60}},"385":{"start":{"line":733,"column":12},"end":{"line":733,"column":66}},"386":{"start":{"line":734,"column":12},"end":{"line":734,"column":34}},"387":{"start":{"line":735,"column":12},"end":{"line":737,"column":13}},"388":{"start":{"line":736,"column":16},"end":{"line":736,"column":59}},"389":{"start":{"line":738,"column":12},"end":{"line":742,"column":15}},"390":{"start":{"line":739,"column":16},"end":{"line":739,"column":114}},"391":{"start":{"line":740,"column":16},"end":{"line":740,"column":61}},"392":{"start":{"line":741,"column":16},"end":{"line":741,"column":77}},"393":{"start":{"line":743,"column":12},"end":{"line":743,"column":68}},"394":{"start":{"line":744,"column":12},"end":{"line":744,"column":64}},"395":{"start":{"line":746,"column":8},"end":{"line":746,"column":33}}},"branchMap":{"1":{"line":20,"type":"if","locations":[{"start":{"line":20,"column":8},"end":{"line":20,"column":8}},{"start":{"line":20,"column":8},"end":{"line":20,"column":8}}]},"2":{"line":33,"type":"if","locations":[{"start":{"line":33,"column":12},"end":{"line":33,"column":12}},{"start":{"line":33,"column":12},"end":{"line":33,"column":12}}]},"3":{"line":37,"type":"if","locations":[{"start":{"line":37,"column":16},"end":{"line":37,"column":16}},{"start":{"line":37,"column":16},"end":{"line":37,"column":16}}]},"4":{"line":41,"type":"if","locations":[{"start":{"line":41,"column":16},"end":{"line":41,"column":16}},{"start":{"line":41,"column":16},"end":{"line":41,"column":16}}]},"5":{"line":50,"type":"if","locations":[{"start":{"line":50,"column":16},"end":{"line":50,"column":16}},{"start":{"line":50,"column":16},"end":{"line":50,"column":16}}]},"6":{"line":64,"type":"if","locations":[{"start":{"line":64,"column":16},"end":{"line":64,"column":16}},{"start":{"line":64,"column":16},"end":{"line":64,"column":16}}]},"7":{"line":68,"type":"if","locations":[{"start":{"line":68,"column":16},"end":{"line":68,"column":16}},{"start":{"line":68,"column":16},"end":{"line":68,"column":16}}]},"8":{"line":93,"type":"if","locations":[{"start":{"line":93,"column":8},"end":{"line":93,"column":8}},{"start":{"line":93,"column":8},"end":{"line":93,"column":8}}]},"9":{"line":110,"type":"if","locations":[{"start":{"line":110,"column":8},"end":{"line":110,"column":8}},{"start":{"line":110,"column":8},"end":{"line":110,"column":8}}]},"10":{"line":110,"type":"binary-expr","locations":[{"start":{"line":110,"column":11},"end":{"line":110,"column":45}},{"start":{"line":110,"column":49},"end":{"line":110,"column":91}}]},"11":{"line":126,"type":"if","locations":[{"start":{"line":126,"column":12},"end":{"line":126,"column":12}},{"start":{"line":126,"column":12},"end":{"line":126,"column":12}}]},"12":{"line":160,"type":"if","locations":[{"start":{"line":160,"column":8},"end":{"line":160,"column":8}},{"start":{"line":160,"column":8},"end":{"line":160,"column":8}}]},"13":{"line":162,"type":"if","locations":[{"start":{"line":162,"column":12},"end":{"line":162,"column":12}},{"start":{"line":162,"column":12},"end":{"line":162,"column":12}}]},"14":{"line":189,"type":"if","locations":[{"start":{"line":189,"column":12},"end":{"line":189,"column":12}},{"start":{"line":189,"column":12},"end":{"line":189,"column":12}}]},"15":{"line":196,"type":"if","locations":[{"start":{"line":196,"column":16},"end":{"line":196,"column":16}},{"start":{"line":196,"column":16},"end":{"line":196,"column":16}}]},"16":{"line":196,"type":"binary-expr","locations":[{"start":{"line":196,"column":21},"end":{"line":196,"column":39}},{"start":{"line":196,"column":43},"end":{"line":196,"column":63}},{"start":{"line":196,"column":68},"end":{"line":196,"column":87}}]},"17":{"line":220,"type":"if","locations":[{"start":{"line":220,"column":18},"end":{"line":220,"column":18}},{"start":{"line":220,"column":18},"end":{"line":220,"column":18}}]},"18":{"line":254,"type":"if","locations":[{"start":{"line":254,"column":12},"end":{"line":254,"column":12}},{"start":{"line":254,"column":12},"end":{"line":254,"column":12}}]},"19":{"line":255,"type":"if","locations":[{"start":{"line":255,"column":16},"end":{"line":255,"column":16}},{"start":{"line":255,"column":16},"end":{"line":255,"column":16}}]},"20":{"line":354,"type":"if","locations":[{"start":{"line":354,"column":12},"end":{"line":354,"column":12}},{"start":{"line":354,"column":12},"end":{"line":354,"column":12}}]},"21":{"line":384,"type":"if","locations":[{"start":{"line":384,"column":12},"end":{"line":384,"column":12}},{"start":{"line":384,"column":12},"end":{"line":384,"column":12}}]},"22":{"line":408,"type":"if","locations":[{"start":{"line":408,"column":12},"end":{"line":408,"column":12}},{"start":{"line":408,"column":12},"end":{"line":408,"column":12}}]},"23":{"line":442,"type":"if","locations":[{"start":{"line":442,"column":12},"end":{"line":442,"column":12}},{"start":{"line":442,"column":12},"end":{"line":442,"column":12}}]},"24":{"line":445,"type":"binary-expr","locations":[{"start":{"line":445,"column":40},"end":{"line":445,"column":67}},{"start":{"line":445,"column":71},"end":{"line":445,"column":86}}]},"25":{"line":447,"type":"if","locations":[{"start":{"line":447,"column":16},"end":{"line":447,"column":16}},{"start":{"line":447,"column":16},"end":{"line":447,"column":16}}]},"26":{"line":447,"type":"binary-expr","locations":[{"start":{"line":447,"column":19},"end":{"line":447,"column":33}},{"start":{"line":447,"column":37},"end":{"line":447,"column":52}}]},"27":{"line":450,"type":"if","locations":[{"start":{"line":450,"column":21},"end":{"line":450,"column":21}},{"start":{"line":450,"column":21},"end":{"line":450,"column":21}}]},"28":{"line":450,"type":"binary-expr","locations":[{"start":{"line":450,"column":24},"end":{"line":450,"column":37}},{"start":{"line":450,"column":41},"end":{"line":450,"column":56}}]},"29":{"line":453,"type":"if","locations":[{"start":{"line":453,"column":16},"end":{"line":453,"column":16}},{"start":{"line":453,"column":16},"end":{"line":453,"column":16}}]},"30":{"line":458,"type":"if","locations":[{"start":{"line":458,"column":16},"end":{"line":458,"column":16}},{"start":{"line":458,"column":16},"end":{"line":458,"column":16}}]},"31":{"line":458,"type":"binary-expr","locations":[{"start":{"line":458,"column":19},"end":{"line":458,"column":79}},{"start":{"line":458,"column":81},"end":{"line":458,"column":93}},{"start":{"line":458,"column":95},"end":{"line":458,"column":108}}]},"32":{"line":465,"type":"if","locations":[{"start":{"line":465,"column":5},"end":{"line":465,"column":5}},{"start":{"line":465,"column":5},"end":{"line":465,"column":5}}]},"33":{"line":481,"type":"if","locations":[{"start":{"line":481,"column":8},"end":{"line":481,"column":8}},{"start":{"line":481,"column":8},"end":{"line":481,"column":8}}]},"34":{"line":481,"type":"binary-expr","locations":[{"start":{"line":481,"column":12},"end":{"line":481,"column":21}},{"start":{"line":481,"column":26},"end":{"line":481,"column":37}},{"start":{"line":481,"column":41},"end":{"line":481,"column":78}}]},"35":{"line":497,"type":"if","locations":[{"start":{"line":497,"column":8},"end":{"line":497,"column":8}},{"start":{"line":497,"column":8},"end":{"line":497,"column":8}}]},"36":{"line":497,"type":"binary-expr","locations":[{"start":{"line":497,"column":11},"end":{"line":497,"column":21}},{"start":{"line":497,"column":25},"end":{"line":497,"column":35}},{"start":{"line":497,"column":39},"end":{"line":497,"column":51}},{"start":{"line":497,"column":55},"end":{"line":497,"column":72}},{"start":{"line":497,"column":76},"end":{"line":497,"column":88}},{"start":{"line":497,"column":92},"end":{"line":497,"column":105}}]},"37":{"line":515,"type":"if","locations":[{"start":{"line":515,"column":12},"end":{"line":515,"column":12}},{"start":{"line":515,"column":12},"end":{"line":515,"column":12}}]},"38":{"line":540,"type":"if","locations":[{"start":{"line":540,"column":12},"end":{"line":540,"column":12}},{"start":{"line":540,"column":12},"end":{"line":540,"column":12}}]},"39":{"line":549,"type":"if","locations":[{"start":{"line":549,"column":16},"end":{"line":549,"column":16}},{"start":{"line":549,"column":16},"end":{"line":549,"column":16}}]},"40":{"line":549,"type":"binary-expr","locations":[{"start":{"line":549,"column":20},"end":{"line":549,"column":29}},{"start":{"line":549,"column":33},"end":{"line":549,"column":50}}]},"41":{"line":583,"type":"if","locations":[{"start":{"line":583,"column":12},"end":{"line":583,"column":12}},{"start":{"line":583,"column":12},"end":{"line":583,"column":12}}]},"42":{"line":591,"type":"if","locations":[{"start":{"line":591,"column":16},"end":{"line":591,"column":16}},{"start":{"line":591,"column":16},"end":{"line":591,"column":16}}]},"43":{"line":591,"type":"binary-expr","locations":[{"start":{"line":591,"column":20},"end":{"line":591,"column":29}},{"start":{"line":591,"column":33},"end":{"line":591,"column":50}}]},"44":{"line":622,"type":"if","locations":[{"start":{"line":622,"column":12},"end":{"line":622,"column":12}},{"start":{"line":622,"column":12},"end":{"line":622,"column":12}}]},"45":{"line":632,"type":"if","locations":[{"start":{"line":632,"column":16},"end":{"line":632,"column":16}},{"start":{"line":632,"column":16},"end":{"line":632,"column":16}}]},"46":{"line":632,"type":"binary-expr","locations":[{"start":{"line":632,"column":20},"end":{"line":632,"column":29}},{"start":{"line":632,"column":33},"end":{"line":632,"column":50}}]},"47":{"line":671,"type":"if","locations":[{"start":{"line":671,"column":12},"end":{"line":671,"column":12}},{"start":{"line":671,"column":12},"end":{"line":671,"column":12}}]},"48":{"line":687,"type":"if","locations":[{"start":{"line":687,"column":17},"end":{"line":687,"column":17}},{"start":{"line":687,"column":17},"end":{"line":687,"column":17}}]},"49":{"line":690,"type":"if","locations":[{"start":{"line":690,"column":16},"end":{"line":690,"column":16}},{"start":{"line":690,"column":16},"end":{"line":690,"column":16}}]},"50":{"line":702,"type":"if","locations":[{"start":{"line":702,"column":21},"end":{"line":702,"column":21}},{"start":{"line":702,"column":21},"end":{"line":702,"column":21}}]}}},"/Users/detiwari/Perforce/EAHQ-apulate_eahy-m-57000605_2063/sfdc/PROJECTS/mocha-aura/examples/salesforce/src/aura/AddSubscription/AddSubscriptionController.js":{"path":"/Users/detiwari/Perforce/EAHQ-apulate_eahy-m-57000605_2063/sfdc/PROJECTS/mocha-aura/examples/salesforce/src/aura/AddSubscription/AddSubscriptionController.js","s":{"1":1,"2":1,"3":1,"4":1,"5":1,"6":1,"7":1,"8":1,"9":1,"10":1,"11":1,"12":1,"13":1,"14":1,"15":1,"16":1,"17":1,"18":1,"19":0,"20":0,"21":0,"22":1,"23":0,"24":0,"25":0,"26":0,"27":1,"28":0,"29":0,"30":0,"31":1,"32":1,"33":1,"34":1,"35":1},"b":{"1":[0,0],"2":[0,0],"3":[0,0],"4":[0,0]},"f":{"1":1,"2":1,"3":1,"4":1,"5":1,"6":1},"fnMap":{"1":{"name":"(anonymous_1)","line":2,"loc":{"start":{"line":2,"column":13},"end":{"line":2,"column":48}}},"2":{"name":"(anonymous_2)","line":9,"loc":{"start":{"line":9,"column":20},"end":{"line":9,"column":55}}},"3":{"name":"(anonymous_3)","line":14,"loc":{"start":{"line":14,"column":22},"end":{"line":14,"column":57}}},"4":{"name":"(anonymous_4)","line":46,"loc":{"start":{"line":46,"column":15},"end":{"line":46,"column":50}}},"5":{"name":"(anonymous_5)","line":50,"loc":{"start":{"line":50,"column":17},"end":{"line":50,"column":52}}},"6":{"name":"(anonymous_6)","line":54,"loc":{"start":{"line":54,"column":21},"end":{"line":54,"column":56}}}},"statementMap":{"1":{"start":{"line":1,"column":0},"end":{"line":57,"column":2}},"2":{"start":{"line":3,"column":8},"end":{"line":3,"column":82}},"3":{"start":{"line":4,"column":8},"end":{"line":4,"column":40}},"4":{"start":{"line":6,"column":8},"end":{"line":6,"column":54}},"5":{"start":{"line":7,"column":8},"end":{"line":7,"column":76}},"6":{"start":{"line":10,"column":8},"end":{"line":10,"column":44}},"7":{"start":{"line":11,"column":8},"end":{"line":11,"column":90}},"8":{"start":{"line":12,"column":8},"end":{"line":12,"column":92}},"9":{"start":{"line":15,"column":8},"end":{"line":15,"column":93}},"10":{"start":{"line":16,"column":8},"end":{"line":16,"column":51}},"11":{"start":{"line":17,"column":8},"end":{"line":17,"column":45}},"12":{"start":{"line":18,"column":8},"end":{"line":18,"column":90}},"13":{"start":{"line":19,"column":8},"end":{"line":19,"column":92}},"14":{"start":{"line":20,"column":8},"end":{"line":20,"column":63}},"15":{"start":{"line":21,"column":8},"end":{"line":21,"column":63}},"16":{"start":{"line":22,"column":8},"end":{"line":22,"column":55}},"17":{"start":{"line":23,"column":8},"end":{"line":23,"column":18}},"18":{"start":{"line":24,"column":8},"end":{"line":29,"column":9}},"19":{"start":{"line":25,"column":12},"end":{"line":28,"column":13}},"20":{"start":{"line":26,"column":16},"end":{"line":26,"column":26}},"21":{"start":{"line":27,"column":10},"end":{"line":27,"column":69}},"22":{"start":{"line":30,"column":8},"end":{"line":36,"column":9}},"23":{"start":{"line":31,"column":12},"end":{"line":35,"column":13}},"24":{"start":{"line":32,"column":10},"end":{"line":32,"column":75}},"25":{"start":{"line":33,"column":16},"end":{"line":34,"column":78}},"26":{"start":{"line":34,"column":11},"end":{"line":34,"column":78}},"27":{"start":{"line":37,"column":8},"end":{"line":42,"column":9}},"28":{"start":{"line":38,"column":12},"end":{"line":41,"column":13}},"29":{"start":{"line":39,"column":16},"end":{"line":39,"column":26}},"30":{"start":{"line":40,"column":10},"end":{"line":40,"column":67}},"31":{"start":{"line":47,"column":8},"end":{"line":47,"column":43}},"32":{"start":{"line":48,"column":8},"end":{"line":48,"column":57}},"33":{"start":{"line":51,"column":8},"end":{"line":51,"column":58}},"34":{"start":{"line":52,"column":8},"end":{"line":52,"column":24}},"35":{"start":{"line":55,"column":8},"end":{"line":55,"column":62}}},"branchMap":{"1":{"line":25,"type":"if","locations":[{"start":{"line":25,"column":12},"end":{"line":25,"column":12}},{"start":{"line":25,"column":12},"end":{"line":25,"column":12}}]},"2":{"line":31,"type":"if","locations":[{"start":{"line":31,"column":12},"end":{"line":31,"column":12}},{"start":{"line":31,"column":12},"end":{"line":31,"column":12}}]},"3":{"line":33,"type":"if","locations":[{"start":{"line":33,"column":16},"end":{"line":33,"column":16}},{"start":{"line":33,"column":16},"end":{"line":33,"column":16}}]},"4":{"line":38,"type":"if","locations":[{"start":{"line":38,"column":12},"end":{"line":38,"column":12}},{"start":{"line":38,"column":12},"end":{"line":38,"column":12}}]}}},"/Users/detiwari/Perforce/EAHQ-apulate_eahy-m-57000605_2063/sfdc/PROJECTS/mocha-aura/examples/salesforce/src/aura/EventDuration/EventDurationController.js":{"path":"/Users/detiwari/Perforce/EAHQ-apulate_eahy-m-57000605_2063/sfdc/PROJECTS/mocha-aura/examples/salesforce/src/aura/EventDuration/EventDurationController.js","s":{"1":1,"2":1,"3":1},"b":{},"f":{"1":1,"2":1},"fnMap":{"1":{"name":"(anonymous_1)","line":2,"loc":{"start":{"line":2,"column":12},"end":{"line":2,"column":48}}},"2":{"name":"(anonymous_2)","line":6,"loc":{"start":{"line":6,"column":14},"end":{"line":6,"column":50}}}},"statementMap":{"1":{"start":{"line":1,"column":0},"end":{"line":9,"column":2}},"2":{"start":{"line":3,"column":4},"end":{"line":3,"column":39}},"3":{"start":{"line":7,"column":3},"end":{"line":7,"column":39}}},"branchMap":{}},"/Users/detiwari/Perforce/EAHQ-apulate_eahy-m-57000605_2063/sfdc/PROJECTS/mocha-aura/examples/salesforce/src/aura/EventDuration/EventDurationHelper.js":{"path":"/Users/detiwari/Perforce/EAHQ-apulate_eahy-m-57000605_2063/sfdc/PROJECTS/mocha-aura/examples/salesforce/src/aura/EventDuration/EventDurationHelper.js","s":{"1":1,"2":1,"3":1,"4":1,"5":0,"6":0,"7":1,"8":1,"9":1,"10":1,"11":1},"b":{},"f":{"1":1,"2":0,"3":1},"fnMap":{"1":{"name":"(anonymous_1)","line":2,"loc":{"start":{"line":2,"column":20},"end":{"line":2,"column":40}}},"2":{"name":"(anonymous_2)","line":5,"loc":{"start":{"line":5,"column":26},"end":{"line":5,"column":44}}},"3":{"name":"(anonymous_3)","line":11,"loc":{"start":{"line":11,"column":22},"end":{"line":11,"column":42}}}},"statementMap":{"1":{"start":{"line":1,"column":0},"end":{"line":17,"column":2}},"2":{"start":{"line":3,"column":2},"end":{"line":3,"column":52}},"3":{"start":{"line":4,"column":2},"end":{"line":4,"column":18}},"4":{"start":{"line":5,"column":2},"end":{"line":8,"column":5}},"5":{"start":{"line":6,"column":3},"end":{"line":6,"column":59}},"6":{"start":{"line":7,"column":3},"end":{"line":7,"column":44}},"7":{"start":{"line":9,"column":2},"end":{"line":9,"column":27}},"8":{"start":{"line":12,"column":2},"end":{"line":12,"column":18}},"9":{"start":{"line":13,"column":4},"end":{"line":13,"column":74}},"10":{"start":{"line":14,"column":4},"end":{"line":14,"column":70}},"11":{"start":{"line":15,"column":4},"end":{"line":15,"column":51}}},"branchMap":{}},"/Users/detiwari/Perforce/EAHQ-apulate_eahy-m-57000605_2063/sfdc/PROJECTS/mocha-aura/examples/salesforce/src/aura/AddSubscription/AddSubscriptionHelper.js":{"path":"/Users/detiwari/Perforce/EAHQ-apulate_eahy-m-57000605_2063/sfdc/PROJECTS/mocha-aura/examples/salesforce/src/aura/AddSubscription/AddSubscriptionHelper.js","s":{"1":0,"2":0,"3":0,"4":0,"5":0,"6":0,"7":0,"8":0,"9":0,"10":0,"11":0,"12":0,"13":0,"14":0,"15":0,"16":0,"17":0,"18":0,"19":0,"20":0,"21":0,"22":0,"23":0,"24":0,"25":0,"26":0,"27":0,"28":0,"29":0,"30":0,"31":0,"32":0,"33":0,"34":0,"35":0,"36":0,"37":0,"38":0,"39":0,"40":0,"41":0,"42":0,"43":0,"44":0,"45":0,"46":0,"47":0,"48":0,"49":0,"50":0,"51":0,"52":0,"53":0,"54":0,"55":0,"56":0,"57":0,"58":0,"59":0,"60":0,"61":0,"62":0,"63":0,"64":0,"65":0,"66":0,"67":0,"68":0,"69":0,"70":0,"71":0,"72":0,"73":0,"74":0,"75":0,"76":0,"77":0,"78":0,"79":0,"80":0,"81":0,"82":0,"83":0,"84":0,"85":0,"86":0,"87":0,"88":0,"89":0,"90":0,"91":0,"92":0,"93":0,"94":0,"95":0,"96":0,"97":0,"98":0,"99":0,"100":0,"101":0,"102":0,"103":0,"104":0,"105":0,"106":0,"107":0,"108":0,"109":0,"110":0,"111":0,"112":0,"113":0},"b":{"1":[0,0],"2":[0,0],"3":[0,0],"4":[0,0],"5":[0,0],"6":[0,0],"7":[0,0],"8":[0,0],"9":[0,0],"10":[0,0],"11":[0,0],"12":[0,0],"13":[0,0],"14":[0,0],"15":[0,0,0],"16":[0,0],"17":[0,0,0]},"f":{"1":0,"2":0,"3":0,"4":0,"5":0,"6":0,"7":0,"8":0,"9":0},"fnMap":{"1":{"name":"(anonymous_1)","line":2,"loc":{"start":{"line":2,"column":19},"end":{"line":2,"column":54}}},"2":{"name":"(anonymous_2)","line":35,"loc":{"start":{"line":35,"column":40},"end":{"line":35,"column":75}}},"3":{"name":"(anonymous_3)","line":37,"loc":{"start":{"line":37,"column":33},"end":{"line":37,"column":52}}},"4":{"name":"(anonymous_4)","line":53,"loc":{"start":{"line":53,"column":15},"end":{"line":53,"column":49}}},"5":{"name":"(anonymous_5)","line":59,"loc":{"start":{"line":59,"column":33},"end":{"line":59,"column":52}}},"6":{"name":"(anonymous_6)","line":72,"loc":{"start":{"line":72,"column":21},"end":{"line":72,"column":56}}},"7":{"name":"(anonymous_7)","line":89,"loc":{"start":{"line":89,"column":33},"end":{"line":89,"column":52}}},"8":{"name":"(anonymous_8)","line":119,"loc":{"start":{"line":119,"column":27},"end":{"line":119,"column":61}}},"9":{"name":"(anonymous_9)","line":141,"loc":{"start":{"line":141,"column":41},"end":{"line":141,"column":60}}}},"statementMap":{"1":{"start":{"line":1,"column":2},"end":{"line":190,"column":2}},"2":{"start":{"line":3,"column":8},"end":{"line":3,"column":64}},"3":{"start":{"line":4,"column":8},"end":{"line":4,"column":23}},"4":{"start":{"line":5,"column":8},"end":{"line":32,"column":9}},"5":{"start":{"line":6,"column":12},"end":{"line":6,"column":26}},"6":{"start":{"line":7,"column":12},"end":{"line":8,"column":106}},"7":{"start":{"line":9,"column":12},"end":{"line":24,"column":13}},"8":{"start":{"line":10,"column":16},"end":{"line":19,"column":21}},"9":{"start":{"line":11,"column":20},"end":{"line":12,"column":104}},"10":{"start":{"line":18,"column":24},"end":{"line":18,"column":67}},"11":{"start":{"line":20,"column":16},"end":{"line":20,"column":56}},"12":{"start":{"line":21,"column":16},"end":{"line":21,"column":71}},"13":{"start":{"line":22,"column":16},"end":{"line":22,"column":69}},"14":{"start":{"line":23,"column":16},"end":{"line":23,"column":36}},"15":{"start":{"line":33,"column":8},"end":{"line":33,"column":50}},"16":{"start":{"line":36,"column":8},"end":{"line":36,"column":69}},"17":{"start":{"line":37,"column":8},"end":{"line":50,"column":11}},"18":{"start":{"line":38,"column":12},"end":{"line":38,"column":44}},"19":{"start":{"line":39,"column":12},"end":{"line":39,"column":58}},"20":{"start":{"line":40,"column":12},"end":{"line":49,"column":13}},"21":{"start":{"line":41,"column":16},"end":{"line":41,"column":31}},"22":{"start":{"line":42,"column":16},"end":{"line":47,"column":17}},"23":{"start":{"line":43,"column":20},"end":{"line":43,"column":34}},"24":{"start":{"line":44,"column":20},"end":{"line":44,"column":61}},"25":{"start":{"line":45,"column":20},"end":{"line":45,"column":75}},"26":{"start":{"line":46,"column":20},"end":{"line":46,"column":40}},"27":{"start":{"line":48,"column":16},"end":{"line":48,"column":54}},"28":{"start":{"line":51,"column":8},"end":{"line":51,"column":33}},"29":{"start":{"line":54,"column":8},"end":{"line":54,"column":67}},"30":{"start":{"line":55,"column":8},"end":{"line":58,"column":11}},"31":{"start":{"line":59,"column":8},"end":{"line":69,"column":11}},"32":{"start":{"line":60,"column":12},"end":{"line":60,"column":44}},"33":{"start":{"line":61,"column":12},"end":{"line":61,"column":58}},"34":{"start":{"line":62,"column":12},"end":{"line":68,"column":13}},"35":{"start":{"line":64,"column":16},"end":{"line":64,"column":48}},"36":{"start":{"line":65,"column":16},"end":{"line":65,"column":51}},"37":{"start":{"line":66,"column":16},"end":{"line":66,"column":76}},"38":{"start":{"line":67,"column":16},"end":{"line":67,"column":76}},"39":{"start":{"line":70,"column":8},"end":{"line":70,"column":33}},"40":{"start":{"line":73,"column":8},"end":{"line":73,"column":31}},"41":{"start":{"line":74,"column":8},"end":{"line":74,"column":70}},"42":{"start":{"line":75,"column":8},"end":{"line":75,"column":74}},"43":{"start":{"line":76,"column":8},"end":{"line":76,"column":67}},"44":{"start":{"line":77,"column":8},"end":{"line":77,"column":80}},"45":{"start":{"line":78,"column":8},"end":{"line":78,"column":84}},"46":{"start":{"line":79,"column":8},"end":{"line":79,"column":74}},"47":{"start":{"line":80,"column":2},"end":{"line":80,"column":54}},"48":{"start":{"line":81,"column":2},"end":{"line":81,"column":45}},"49":{"start":{"line":82,"column":8},"end":{"line":82,"column":80}},"50":{"start":{"line":83,"column":8},"end":{"line":83,"column":66}},"51":{"start":{"line":85,"column":8},"end":{"line":85,"column":69}},"52":{"start":{"line":86,"column":9},"end":{"line":88,"column":11}},"53":{"start":{"line":89,"column":8},"end":{"line":116,"column":11}},"54":{"start":{"line":90,"column":12},"end":{"line":90,"column":44}},"55":{"start":{"line":91,"column":12},"end":{"line":91,"column":58}},"56":{"start":{"line":92,"column":12},"end":{"line":115,"column":13}},"57":{"start":{"line":93,"column":16},"end":{"line":93,"column":71}},"58":{"start":{"line":94,"column":16},"end":{"line":94,"column":65}},"59":{"start":{"line":95,"column":16},"end":{"line":95,"column":61}},"60":{"start":{"line":96,"column":16},"end":{"line":99,"column":19}},"61":{"start":{"line":100,"column":16},"end":{"line":100,"column":34}},"62":{"start":{"line":101,"column":16},"end":{"line":101,"column":32}},"63":{"start":{"line":102,"column":16},"end":{"line":102,"column":37}},"64":{"start":{"line":105,"column":16},"end":{"line":105,"column":71}},"65":{"start":{"line":106,"column":16},"end":{"line":106,"column":65}},"66":{"start":{"line":107,"column":16},"end":{"line":107,"column":61}},"67":{"start":{"line":108,"column":16},"end":{"line":111,"column":19}},"68":{"start":{"line":112,"column":16},"end":{"line":112,"column":34}},"69":{"start":{"line":113,"column":16},"end":{"line":113,"column":32}},"70":{"start":{"line":114,"column":16},"end":{"line":114,"column":37}},"71":{"start":{"line":117,"column":8},"end":{"line":117,"column":33}},"72":{"start":{"line":120,"column":8},"end":{"line":180,"column":9}},"73":{"start":{"line":121,"column":12},"end":{"line":121,"column":38}},"74":{"start":{"line":122,"column":12},"end":{"line":122,"column":68}},"75":{"start":{"line":123,"column":12},"end":{"line":123,"column":41}},"76":{"start":{"line":124,"column":12},"end":{"line":124,"column":27}},"77":{"start":{"line":125,"column":12},"end":{"line":125,"column":48}},"78":{"start":{"line":127,"column":12},"end":{"line":131,"column":13}},"79":{"start":{"line":128,"column":16},"end":{"line":130,"column":17}},"80":{"start":{"line":129,"column":19},"end":{"line":129,"column":60}},"81":{"start":{"line":133,"column":12},"end":{"line":179,"column":13}},"82":{"start":{"line":134,"column":16},"end":{"line":134,"column":75}},"83":{"start":{"line":135,"column":16},"end":{"line":135,"column":76}},"84":{"start":{"line":137,"column":16},"end":{"line":140,"column":19}},"85":{"start":{"line":141,"column":16},"end":{"line":176,"column":19}},"86":{"start":{"line":142,"column":20},"end":{"line":142,"column":52}},"87":{"start":{"line":143,"column":20},"end":{"line":143,"column":66}},"88":{"start":{"line":144,"column":20},"end":{"line":144,"column":47}},"89":{"start":{"line":145,"column":20},"end":{"line":175,"column":21}},"90":{"start":{"line":146,"column":24},"end":{"line":146,"column":51}},"91":{"start":{"line":147,"column":24},"end":{"line":147,"column":74}},"92":{"start":{"line":148,"column":24},"end":{"line":148,"column":59}},"93":{"start":{"line":150,"column":24},"end":{"line":171,"column":25}},"94":{"start":{"line":151,"column":28},"end":{"line":151,"column":42}},"95":{"start":{"line":152,"column":28},"end":{"line":153,"column":122}},"96":{"start":{"line":154,"column":28},"end":{"line":170,"column":29}},"97":{"start":{"line":155,"column":32},"end":{"line":165,"column":37}},"98":{"start":{"line":156,"column":36},"end":{"line":157,"column":120}},"99":{"start":{"line":158,"column":39},"end":{"line":165,"column":37}},"100":{"start":{"line":161,"column":36},"end":{"line":161,"column":105}},"101":{"start":{"line":162,"column":36},"end":{"line":162,"column":81}},"102":{"start":{"line":164,"column":40},"end":{"line":164,"column":83}},"103":{"start":{"line":166,"column":32},"end":{"line":166,"column":72}},"104":{"start":{"line":167,"column":32},"end":{"line":167,"column":87}},"105":{"start":{"line":168,"column":32},"end":{"line":168,"column":85}},"106":{"start":{"line":169,"column":32},"end":{"line":169,"column":52}},"107":{"start":{"line":173,"column":24},"end":{"line":173,"column":44}},"108":{"start":{"line":174,"column":24},"end":{"line":174,"column":66}},"109":{"start":{"line":177,"column":16},"end":{"line":177,"column":41}},"110":{"start":{"line":181,"column":9},"end":{"line":181,"column":114}},"111":{"start":{"line":182,"column":8},"end":{"line":188,"column":9}},"112":{"start":{"line":184,"column":12},"end":{"line":184,"column":54}},"113":{"start":{"line":187,"column":12},"end":{"line":187,"column":53}}},"branchMap":{"1":{"line":9,"type":"if","locations":[{"start":{"line":9,"column":12},"end":{"line":9,"column":12}},{"start":{"line":9,"column":12},"end":{"line":9,"column":12}}]},"2":{"line":10,"type":"if","locations":[{"start":{"line":10,"column":16},"end":{"line":10,"column":16}},{"start":{"line":10,"column":16},"end":{"line":10,"column":16}}]},"3":{"line":10,"type":"binary-expr","locations":[{"start":{"line":10,"column":19},"end":{"line":10,"column":68}},{"start":{"line":10,"column":72},"end":{"line":10,"column":127}}]},"4":{"line":40,"type":"if","locations":[{"start":{"line":40,"column":12},"end":{"line":40,"column":12}},{"start":{"line":40,"column":12},"end":{"line":40,"column":12}}]},"5":{"line":62,"type":"if","locations":[{"start":{"line":62,"column":12},"end":{"line":62,"column":12}},{"start":{"line":62,"column":12},"end":{"line":62,"column":12}}]},"6":{"line":92,"type":"if","locations":[{"start":{"line":92,"column":12},"end":{"line":92,"column":12}},{"start":{"line":92,"column":12},"end":{"line":92,"column":12}}]},"7":{"line":120,"type":"if","locations":[{"start":{"line":120,"column":8},"end":{"line":120,"column":8}},{"start":{"line":120,"column":8},"end":{"line":120,"column":8}}]},"8":{"line":128,"type":"if","locations":[{"start":{"line":128,"column":16},"end":{"line":128,"column":16}},{"start":{"line":128,"column":16},"end":{"line":128,"column":16}}]},"9":{"line":133,"type":"if","locations":[{"start":{"line":133,"column":12},"end":{"line":133,"column":12}},{"start":{"line":133,"column":12},"end":{"line":133,"column":12}}]},"10":{"line":145,"type":"if","locations":[{"start":{"line":145,"column":20},"end":{"line":145,"column":20}},{"start":{"line":145,"column":20},"end":{"line":145,"column":20}}]},"11":{"line":154,"type":"if","locations":[{"start":{"line":154,"column":28},"end":{"line":154,"column":28}},{"start":{"line":154,"column":28},"end":{"line":154,"column":28}}]},"12":{"line":155,"type":"if","locations":[{"start":{"line":155,"column":32},"end":{"line":155,"column":32}},{"start":{"line":155,"column":32},"end":{"line":155,"column":32}}]},"13":{"line":155,"type":"binary-expr","locations":[{"start":{"line":155,"column":35},"end":{"line":155,"column":84}},{"start":{"line":155,"column":88},"end":{"line":155,"column":143}}]},"14":{"line":158,"type":"if","locations":[{"start":{"line":158,"column":39},"end":{"line":158,"column":39}},{"start":{"line":158,"column":39},"end":{"line":158,"column":39}}]},"15":{"line":158,"type":"binary-expr","locations":[{"start":{"line":158,"column":42},"end":{"line":158,"column":97}},{"start":{"line":159,"column":42},"end":{"line":159,"column":69}},{"start":{"line":160,"column":42},"end":{"line":160,"column":122}}]},"16":{"line":182,"type":"if","locations":[{"start":{"line":182,"column":8},"end":{"line":182,"column":8}},{"start":{"line":182,"column":8},"end":{"line":182,"column":8}}]},"17":{"line":182,"type":"binary-expr","locations":[{"start":{"line":182,"column":11},"end":{"line":182,"column":63}},{"start":{"line":182,"column":67},"end":{"line":182,"column":120}},{"start":{"line":183,"column":14},"end":{"line":183,"column":65}}]}}}}