TN:
SF:/Users/detiwari/Perforce/EAHQ-apulate_eahy-m-57000605_2063/sfdc/PROJECTS/mocha-aura/examples/salesforce/src/aura/AccountBasicInfo/AccountBasicInfoController.js
FN:2,(anonymous_1)
FN:14,(anonymous_2)
FN:17,(anonymous_3)
FN:20,(anonymous_4)
FN:34,(anonymous_5)
FN:69,(anonymous_6)
FN:84,(anonymous_7)
FN:147,(anonymous_8)
FN:153,(anonymous_9)
FN:161,(anonymous_10)
FN:174,(anonymous_11)
FN:187,(anonymous_12)
FN:190,(anonymous_13)
FN:194,(anonymous_14)
FN:197,(anonymous_15)
FN:200,(anonymous_16)
FN:205,(anonymous_17)
FN:208,(anonymous_18)
FN:211,(anonymous_19)
FN:214,(anonymous_20)
FN:224,(anonymous_21)
FN:228,(anonymous_22)
FN:231,(anonymous_23)
FN:250,(anonymous_24)
FN:268,(anonymous_25)
FN:273,(anonymous_26)
FN:283,(anonymous_27)
FN:295,(anonymous_28)
FN:300,(anonymous_29)
FN:305,(anonymous_30)
FN:317,(anonymous_31)
FN:320,(anonymous_32)
FN:325,(anonymous_33)
FN:333,(anonymous_34)
FNF:34
FNH:9
FNDA:1,(anonymous_1)
FNDA:0,(anonymous_2)
FNDA:1,(anonymous_3)
FNDA:1,(anonymous_4)
FNDA:1,(anonymous_5)
FNDA:1,(anonymous_6)
FNDA:0,(anonymous_7)
FNDA:1,(anonymous_8)
FNDA:1,(anonymous_9)
FNDA:1,(anonymous_10)
FNDA:1,(anonymous_11)
FNDA:0,(anonymous_12)
FNDA:0,(anonymous_13)
FNDA:0,(anonymous_14)
FNDA:0,(anonymous_15)
FNDA:0,(anonymous_16)
FNDA:0,(anonymous_17)
FNDA:0,(anonymous_18)
FNDA:0,(anonymous_19)
FNDA:0,(anonymous_20)
FNDA:0,(anonymous_21)
FNDA:0,(anonymous_22)
FNDA:0,(anonymous_23)
FNDA:0,(anonymous_24)
FNDA:0,(anonymous_25)
FNDA:0,(anonymous_26)
FNDA:0,(anonymous_27)
FNDA:0,(anonymous_28)
FNDA:0,(anonymous_29)
FNDA:0,(anonymous_30)
FNDA:0,(anonymous_31)
FNDA:0,(anonymous_32)
FNDA:0,(anonymous_33)
FNDA:0,(anonymous_34)
DA:1,1
DA:3,1
DA:4,1
DA:5,1
DA:9,1
DA:10,1
DA:11,1
DA:12,1
DA:15,0
DA:18,1
DA:22,1
DA:24,1
DA:25,0
DA:26,0
DA:28,1
DA:31,1
DA:32,1
DA:35,1
DA:37,1
DA:39,1
DA:41,1
DA:42,1
DA:45,1
DA:46,1
DA:47,1
DA:48,1
DA:49,1
DA:51,1
DA:52,0
DA:53,0
DA:54,0
DA:55,0
DA:56,0
DA:58,1
DA:59,0
DA:60,0
DA:61,0
DA:62,0
DA:63,0
DA:67,1
DA:71,1
DA:72,1
DA:74,1
DA:75,1
DA:76,1
DA:77,1
DA:78,1
DA:79,1
DA:80,1
DA:82,1
DA:85,0
DA:86,0
DA:87,0
DA:88,0
DA:89,0
DA:90,0
DA:91,0
DA:95,0
DA:96,0
DA:97,0
DA:99,0
DA:101,0
DA:105,0
DA:107,0
DA:108,0
DA:109,0
DA:110,0
DA:111,0
DA:115,0
DA:116,0
DA:118,0
DA:119,0
DA:120,0
DA:121,0
DA:123,0
DA:124,0
DA:126,0
DA:127,0
DA:130,0
DA:132,0
DA:133,0
DA:138,0
DA:140,0
DA:141,0
DA:142,0
DA:143,0
DA:144,0
DA:148,1
DA:149,1
DA:150,1
DA:151,1
DA:154,1
DA:155,1
DA:156,1
DA:157,1
DA:158,1
DA:159,1
DA:163,1
DA:164,1
DA:165,0
DA:167,0
DA:168,0
DA:169,0
DA:171,1
DA:176,1
DA:177,1
DA:178,0
DA:180,1
DA:183,1
DA:184,1
DA:185,1
DA:188,0
DA:191,0
DA:192,0
DA:195,0
DA:198,0
DA:201,0
DA:206,0
DA:209,0
DA:212,0
DA:215,0
DA:216,0
DA:218,0
DA:219,0
DA:221,0
DA:225,0
DA:226,0
DA:229,0
DA:230,0
DA:231,0
DA:232,0
DA:251,0
DA:252,0
DA:254,0
DA:255,0
DA:256,0
DA:257,0
DA:259,0
DA:260,0
DA:264,0
DA:269,0
DA:270,0
DA:274,0
DA:275,0
DA:276,0
DA:280,0
DA:281,0
DA:284,0
DA:285,0
DA:287,0
DA:288,0
DA:289,0
DA:290,0
DA:296,0
DA:297,0
DA:298,0
DA:301,0
DA:302,0
DA:303,0
DA:306,0
DA:307,0
DA:308,0
DA:310,0
DA:311,0
DA:312,0
DA:313,0
DA:318,0
DA:321,0
DA:322,0
DA:323,0
DA:327,0
DA:329,0
DA:330,0
DA:334,0
DA:336,0
DA:337,0
DA:338,0
DA:339,0
LF:178
LH:56
BRDA:24,1,0,0
BRDA:24,1,1,1
BRDA:51,2,0,0
BRDA:51,2,1,1
BRDA:53,3,0,0
BRDA:53,3,1,0
BRDA:55,4,0,0
BRDA:55,4,1,0
BRDA:58,5,0,0
BRDA:58,5,1,1
BRDA:60,6,0,0
BRDA:60,6,1,0
BRDA:62,7,0,0
BRDA:62,7,1,0
BRDA:90,8,0,0
BRDA:90,8,1,0
BRDA:95,9,0,0
BRDA:95,9,1,0
BRDA:95,10,0,0
BRDA:95,10,1,0
BRDA:95,10,2,0
BRDA:95,10,3,0
BRDA:95,10,4,0
BRDA:95,10,5,0
BRDA:96,11,0,0
BRDA:96,11,1,0
BRDA:96,12,0,0
BRDA:96,12,1,0
BRDA:96,12,2,0
BRDA:107,13,0,0
BRDA:107,13,1,0
BRDA:107,14,0,0
BRDA:107,14,1,0
BRDA:107,14,2,0
BRDA:107,14,3,0
BRDA:123,15,0,0
BRDA:123,15,1,0
BRDA:123,16,0,0
BRDA:123,16,1,0
BRDA:126,17,0,0
BRDA:126,17,1,0
BRDA:132,18,0,0
BRDA:132,18,1,0
BRDA:138,19,0,0
BRDA:138,19,1,0
BRDA:164,20,0,0
BRDA:164,20,1,1
BRDA:177,21,0,0
BRDA:177,21,1,1
BRDA:218,22,0,0
BRDA:218,22,1,0
BRDA:254,23,0,0
BRDA:254,23,1,0
BRDA:255,24,0,0
BRDA:255,24,1,0
BRDA:256,25,0,0
BRDA:256,25,1,0
BRDA:287,26,0,0
BRDA:287,26,1,0
BRDA:287,27,0,0
BRDA:287,27,1,0
BRDA:289,28,0,0
BRDA:289,28,1,0
BRDA:289,29,0,0
BRDA:289,29,1,0
BRDA:310,30,0,0
BRDA:310,30,1,0
BRDA:310,31,0,0
BRDA:310,31,1,0
BRDA:312,32,0,0
BRDA:312,32,1,0
BRDA:312,33,0,0
BRDA:312,33,1,0
BRDA:336,34,0,0
BRDA:336,34,1,0
BRDA:336,35,0,0
BRDA:336,35,1,0
BRDA:338,36,0,0
BRDA:338,36,1,0
BRDA:338,37,0,0
BRDA:338,37,1,0
BRF:81
BRH:5
end_of_record
TN:
SF:/Users/detiwari/Perforce/EAHQ-apulate_eahy-m-57000605_2063/sfdc/PROJECTS/mocha-aura/examples/salesforce/src/aura/AccountBasicInfo/AccountBasicInfoHelper.js
FN:2,(anonymous_1)
FN:13,(anonymous_2)
FN:30,(anonymous_3)
FN:92,(anonymous_4)
FN:100,(anonymous_5)
FN:122,(anonymous_6)
FN:153,(anonymous_7)
FN:184,(anonymous_8)
FN:234,(anonymous_9)
FN:252,(anonymous_10)
FN:283,(anonymous_11)
FN:287,(anonymous_12)
FN:291,(anonymous_13)
FN:295,(anonymous_14)
FN:299,(anonymous_15)
FN:336,(anonymous_16)
FN:352,(anonymous_17)
FN:371,(anonymous_18)
FN:382,(anonymous_19)
FN:398,(anonymous_20)
FN:406,(anonymous_21)
FN:410,(anonymous_22)
FN:417,(anonymous_23)
FN:432,(anonymous_24)
FN:440,(anonymous_25)
FN:475,(anonymous_26)
FN:487,(anonymous_27)
FN:507,(anonymous_28)
FN:513,(anonymous_29)
FN:522,(anonymous_30)
FN:538,(anonymous_31)
FN:566,(anonymous_32)
FN:581,(anonymous_33)
FN:605,(anonymous_34)
FN:620,(anonymous_35)
FN:648,(anonymous_36)
FN:669,(anonymous_37)
FN:726,(anonymous_38)
FN:728,(anonymous_39)
FN:738,(anonymous_40)
FNF:40
FNH:10
FNDA:1,(anonymous_1)
FNDA:1,(anonymous_2)
FNDA:0,(anonymous_3)
FNDA:0,(anonymous_4)
FNDA:1,(anonymous_5)
FNDA:0,(anonymous_6)
FNDA:0,(anonymous_7)
FNDA:0,(anonymous_8)
FNDA:1,(anonymous_9)
FNDA:0,(anonymous_10)
FNDA:1,(anonymous_11)
FNDA:1,(anonymous_12)
FNDA:1,(anonymous_13)
FNDA:1,(anonymous_14)
FNDA:1,(anonymous_15)
FNDA:1,(anonymous_16)
FNDA:0,(anonymous_17)
FNDA:0,(anonymous_18)
FNDA:0,(anonymous_19)
FNDA:0,(anonymous_20)
FNDA:0,(anonymous_21)
FNDA:0,(anonymous_22)
FNDA:0,(anonymous_23)
FNDA:0,(anonymous_24)
FNDA:0,(anonymous_25)
FNDA:0,(anonymous_26)
FNDA:0,(anonymous_27)
FNDA:0,(anonymous_28)
FNDA:0,(anonymous_29)
FNDA:0,(anonymous_30)
FNDA:0,(anonymous_31)
FNDA:0,(anonymous_32)
FNDA:0,(anonymous_33)
FNDA:0,(anonymous_34)
FNDA:0,(anonymous_35)
FNDA:0,(anonymous_36)
FNDA:0,(anonymous_37)
FNDA:0,(anonymous_38)
FNDA:0,(anonymous_39)
FNDA:0,(anonymous_40)
DA:1,1
DA:3,1
DA:9,1
DA:10,1
DA:14,1
DA:15,1
DA:16,1
DA:18,1
DA:20,1
DA:21,0
DA:22,0
DA:24,1
DA:25,1
DA:27,1
DA:30,1
DA:31,0
DA:32,0
DA:33,0
DA:34,0
DA:36,0
DA:37,0
DA:38,0
DA:41,0
DA:42,0
DA:43,0
DA:44,0
DA:45,0
DA:47,0
DA:50,0
DA:51,0
DA:52,0
DA:54,0
DA:56,0
DA:57,0
DA:58,0
DA:59,0
DA:60,0
DA:62,0
DA:63,0
DA:64,0
DA:65,0
DA:66,0
DA:68,0
DA:69,0
DA:70,0
DA:73,0
DA:74,0
DA:75,0
DA:76,0
DA:77,0
DA:80,0
DA:82,0
DA:86,0
DA:89,1
DA:93,0
DA:94,0
DA:96,0
DA:101,1
DA:102,1
DA:106,1
DA:109,1
DA:110,1
DA:111,1
DA:115,1
DA:117,1
DA:122,1
DA:123,0
DA:125,0
DA:126,0
DA:128,0
DA:129,0
DA:130,0
DA:132,0
DA:136,0
DA:137,0
DA:139,0
DA:141,0
DA:145,0
DA:150,1
DA:154,0
DA:155,0
DA:156,0
DA:157,0
DA:158,0
DA:159,0
DA:160,0
DA:161,0
DA:162,0
DA:163,0
DA:164,0
DA:166,0
DA:167,0
DA:170,0
DA:171,0
DA:173,0
DA:174,0
DA:175,0
DA:176,0
DA:177,0
DA:178,0
DA:183,0
DA:184,0
DA:185,0
DA:187,0
DA:189,0
DA:191,0
DA:192,0
DA:193,0
DA:195,0
DA:196,0
DA:197,0
DA:202,0
DA:204,0
DA:205,0
DA:211,0
DA:213,0
DA:214,0
DA:217,0
DA:219,0
DA:220,0
DA:221,0
DA:222,0
DA:228,0
DA:229,0
DA:232,0
DA:235,1
DA:236,1
DA:237,1
DA:238,1
DA:239,1
DA:240,1
DA:241,1
DA:242,1
DA:243,1
DA:244,1
DA:246,1
DA:247,1
DA:252,1
DA:253,0
DA:254,0
DA:255,0
DA:256,0
DA:259,0
DA:261,0
DA:263,0
DA:267,0
DA:271,0
DA:273,0
DA:277,0
DA:280,1
DA:284,1
DA:288,1
DA:292,1
DA:296,1
DA:300,1
DA:316,1
DA:318,1
DA:319,1
DA:320,230
DA:321,230
DA:322,230
DA:323,230
DA:326,1
DA:327,1
DA:328,168
DA:329,168
DA:330,168
DA:331,168
DA:333,1
DA:334,1
DA:337,1
DA:338,1
DA:339,1
DA:340,1
DA:341,1
DA:342,1
DA:343,1
DA:344,1
DA:345,1
DA:346,1
DA:347,1
DA:352,1
DA:353,0
DA:354,0
DA:355,0
DA:356,0
DA:357,0
DA:358,0
DA:359,0
DA:361,0
DA:365,0
DA:368,1
DA:372,0
DA:373,0
DA:374,0
DA:375,0
DA:376,0
DA:382,0
DA:383,0
DA:384,0
DA:385,0
DA:386,0
DA:388,0
DA:392,0
DA:395,0
DA:399,0
DA:400,0
DA:401,0
DA:402,0
DA:403,0
DA:406,0
DA:407,0
DA:408,0
DA:409,0
DA:410,0
DA:411,0
DA:418,0
DA:422,0
DA:426,0
DA:429,0
DA:433,0
DA:434,0
DA:435,0
DA:436,0
DA:437,0
DA:440,0
DA:441,0
DA:442,0
DA:444,0
DA:445,0
DA:447,0
DA:448,0
DA:450,0
DA:451,0
DA:453,0
DA:454,0
DA:457,0
DA:458,0
DA:459,0
DA:461,0
DA:465,0
DA:466,0
DA:469,0
DA:473,0
DA:477,0
DA:478,0
DA:479,0
DA:480,0
DA:481,0
DA:483,0
DA:485,0
DA:488,0
DA:489,0
DA:497,0
DA:498,0
DA:501,0
DA:508,0
DA:509,0
DA:510,0
DA:513,0
DA:514,0
DA:515,0
DA:516,0
DA:519,0
DA:523,0
DA:524,0
DA:525,0
DA:526,0
DA:528,0
DA:529,0
DA:530,0
DA:531,0
DA:532,0
DA:534,0
DA:538,0
DA:539,0
DA:540,0
DA:541,0
DA:542,0
DA:547,0
DA:548,0
DA:549,0
DA:550,0
DA:555,0
DA:561,0
DA:563,0
DA:567,0
DA:568,0
DA:569,0
DA:570,0
DA:572,0
DA:573,0
DA:574,0
DA:575,0
DA:577,0
DA:581,0
DA:582,0
DA:583,0
DA:584,0
DA:585,0
DA:586,0
DA:589,0
DA:590,0
DA:591,0
DA:592,0
DA:596,0
DA:598,0
DA:602,0
DA:606,0
DA:607,0
DA:608,0
DA:609,0
DA:611,0
DA:612,0
DA:613,0
DA:614,0
DA:616,0
DA:620,0
DA:621,0
DA:622,0
DA:623,0
DA:624,0
DA:630,0
DA:631,0
DA:632,0
DA:633,0
DA:638,0
DA:644,0
DA:646,0
DA:649,0
DA:650,0
DA:651,0
DA:652,0
DA:653,0
DA:654,0
DA:655,0
DA:656,0
DA:657,0
DA:658,0
DA:659,0
DA:660,0
DA:661,0
DA:662,0
DA:663,0
DA:664,0
DA:665,0
DA:666,0
DA:669,0
DA:670,0
DA:671,0
DA:672,0
DA:673,0
DA:674,0
DA:675,0
DA:676,0
DA:679,0
DA:683,0
DA:687,0
DA:688,0
DA:689,0
DA:690,0
DA:691,0
DA:692,0
DA:693,0
DA:694,0
DA:695,0
DA:696,0
DA:700,0
DA:702,0
DA:703,0
DA:704,0
DA:705,0
DA:706,0
DA:707,0
DA:708,0
DA:712,0
DA:716,0
DA:717,0
DA:722,0
DA:727,0
DA:728,0
DA:730,0
DA:731,0
DA:732,0
DA:733,0
DA:734,0
DA:735,0
DA:736,0
DA:738,0
DA:739,0
DA:740,0
DA:741,0
DA:743,0
DA:744,0
DA:746,0
LF:395
LH:71
BRDA:20,1,0,0
BRDA:20,1,1,1
BRDA:33,2,0,0
BRDA:33,2,1,0
BRDA:37,3,0,0
BRDA:37,3,1,0
BRDA:41,4,0,0
BRDA:41,4,1,0
BRDA:50,5,0,0
BRDA:50,5,1,0
BRDA:64,6,0,0
BRDA:64,6,1,0
BRDA:68,7,0,0
BRDA:68,7,1,0
BRDA:93,8,0,0
BRDA:93,8,1,0
BRDA:110,9,0,1
BRDA:110,9,1,0
BRDA:110,10,0,1
BRDA:110,10,1,1
BRDA:126,11,0,0
BRDA:126,11,1,0
BRDA:160,12,0,0
BRDA:160,12,1,0
BRDA:162,13,0,0
BRDA:162,13,1,0
BRDA:189,14,0,0
BRDA:189,14,1,0
BRDA:196,15,0,0
BRDA:196,15,1,0
BRDA:196,16,0,0
BRDA:196,16,1,0
BRDA:196,16,2,0
BRDA:220,17,0,0
BRDA:220,17,1,0
BRDA:254,18,0,0
BRDA:254,18,1,0
BRDA:255,19,0,0
BRDA:255,19,1,0
BRDA:354,20,0,0
BRDA:354,20,1,0
BRDA:384,21,0,0
BRDA:384,21,1,0
BRDA:408,22,0,0
BRDA:408,22,1,0
BRDA:442,23,0,0
BRDA:442,23,1,0
BRDA:445,24,0,0
BRDA:445,24,1,0
BRDA:447,25,0,0
BRDA:447,25,1,0
BRDA:447,26,0,0
BRDA:447,26,1,0
BRDA:450,27,0,0
BRDA:450,27,1,0
BRDA:450,28,0,0
BRDA:450,28,1,0
BRDA:453,29,0,0
BRDA:453,29,1,0
BRDA:458,30,0,0
BRDA:458,30,1,0
BRDA:458,31,0,0
BRDA:458,31,1,0
BRDA:458,31,2,0
BRDA:465,32,0,0
BRDA:465,32,1,0
BRDA:481,33,0,0
BRDA:481,33,1,0
BRDA:481,34,0,0
BRDA:481,34,1,0
BRDA:481,34,2,0
BRDA:497,35,0,0
BRDA:497,35,1,0
BRDA:497,36,0,0
BRDA:497,36,1,0
BRDA:497,36,2,0
BRDA:497,36,3,0
BRDA:497,36,4,0
BRDA:497,36,5,0
BRDA:515,37,0,0
BRDA:515,37,1,0
BRDA:540,38,0,0
BRDA:540,38,1,0
BRDA:549,39,0,0
BRDA:549,39,1,0
BRDA:549,40,0,0
BRDA:549,40,1,0
BRDA:583,41,0,0
BRDA:583,41,1,0
BRDA:591,42,0,0
BRDA:591,42,1,0
BRDA:591,43,0,0
BRDA:591,43,1,0
BRDA:622,44,0,0
BRDA:622,44,1,0
BRDA:632,45,0,0
BRDA:632,45,1,0
BRDA:632,46,0,0
BRDA:632,46,1,0
BRDA:671,47,0,0
BRDA:671,47,1,0
BRDA:687,48,0,0
BRDA:687,48,1,0
BRDA:690,49,0,0
BRDA:690,49,1,0
BRDA:702,50,0,0
BRDA:702,50,1,0
BRF:107
BRH:4
end_of_record
TN:
SF:/Users/detiwari/Perforce/EAHQ-apulate_eahy-m-57000605_2063/sfdc/PROJECTS/mocha-aura/examples/salesforce/src/aura/EventDuration/EventDurationController.js
FN:2,(anonymous_1)
FN:6,(anonymous_2)
FNF:2
FNH:2
FNDA:1,(anonymous_1)
FNDA:1,(anonymous_2)
DA:1,1
DA:3,1
DA:7,1
LF:3
LH:3
BRF:0
BRH:0
end_of_record
TN:
SF:/Users/detiwari/Perforce/EAHQ-apulate_eahy-m-57000605_2063/sfdc/PROJECTS/mocha-aura/examples/salesforce/src/aura/EventDuration/EventDurationHelper.js
FN:2,(anonymous_1)
FN:5,(anonymous_2)
FN:11,(anonymous_3)
FNF:3
FNH:2
FNDA:1,(anonymous_1)
FNDA:0,(anonymous_2)
FNDA:1,(anonymous_3)
DA:1,1
DA:3,1
DA:4,1
DA:5,1
DA:6,0
DA:7,0
DA:9,1
DA:12,1
DA:13,1
DA:14,1
DA:15,1
LF:11
LH:9
BRF:0
BRH:0
end_of_record
